<?xml version="1.0" ?>
<!DOCTYPE coverage SYSTEM "http://cobertura.sourceforge.net/xml/coverage-04.dtd">
<coverage lines-valid="175" lines-covered="170" line-rate="0.9714" branches-valid="102" branches-covered="92" branch-rate="0.9018999999999999" timestamp="1635702062332" complexity="0" version="0.1">
  <sources>
    <source>/Users/soda/Desktop/code-testing</source>
  </sources>
  <packages>
    <package name="table" line-rate="1" branch-rate="0.8332999999999999">
      <classes>
        <class name="Table.tsx" filename="src/table/Table.tsx" line-rate="1" branch-rate="0.8332999999999999">
          <methods>
            <method name="(anonymous_0)" hits="21" signature="()V">
              <lines>
                <line number="24" hits="21"/>
              </lines>
            </method>
            <method name="(anonymous_1)" hits="58" signature="()V">
              <lines>
                <line number="36" hits="58"/>
              </lines>
            </method>
            <method name="(anonymous_2)" hits="20" signature="()V">
              <lines>
                <line number="43" hits="20"/>
              </lines>
            </method>
            <method name="(anonymous_3)" hits="20" signature="()V">
              <lines>
                <line number="44" hits="20"/>
              </lines>
            </method>
            <method name="(anonymous_4)" hits="23" signature="()V">
              <lines>
                <line number="57" hits="23"/>
              </lines>
            </method>
          </methods>
          <lines>
            <line number="25" hits="21" branch="false"/>
            <line number="26" hits="21" branch="false"/>
            <line number="30" hits="21" branch="false"/>
            <line number="36" hits="58" branch="false"/>
            <line number="39" hits="21" branch="false"/>
            <line number="41" hits="21" branch="false"/>
            <line number="43" hits="20" branch="false"/>
            <line number="44" hits="20" branch="false"/>
            <line number="54" hits="21" branch="false"/>
            <line number="55" hits="21" branch="false"/>
            <line number="57" hits="21" branch="false"/>
            <line number="58" hits="23" branch="false"/>
          </lines>
        </class>
        <class name="index.ts" filename="src/table/index.ts" line-rate="0" branch-rate="0">
          <methods>
          </methods>
          <lines>
          </lines>
        </class>
        <class name="types.ts" filename="src/table/types.ts" line-rate="1" branch-rate="1">
          <methods>
          </methods>
          <lines>
            <line number="136" hits="1" branch="false"/>
            <line number="182" hits="1" branch="false"/>
          </lines>
        </class>
      </classes>
    </package>
    <package name="table.components" line-rate="0.9636" branch-rate="0.9411">
      <classes>
        <class name="Body.tsx" filename="src/table/components/Body.tsx" line-rate="0.8181" branch-rate="1">
          <methods>
            <method name="(anonymous_0)" hits="21" signature="()V">
              <lines>
                <line number="15" hits="21"/>
              </lines>
            </method>
            <method name="(anonymous_1)" hits="42" signature="()V">
              <lines>
                <line number="27" hits="42"/>
              </lines>
            </method>
            <method name="(anonymous_2)" hits="388" signature="()V">
              <lines>
                <line number="31" hits="388"/>
              </lines>
            </method>
            <method name="(anonymous_3)" hits="0" signature="()V">
              <lines>
                <line number="34" hits="0"/>
              </lines>
            </method>
            <method name="(anonymous_4)" hits="1161" signature="()V">
              <lines>
                <line number="36" hits="1161"/>
              </lines>
            </method>
            <method name="(anonymous_5)" hits="0" signature="()V">
              <lines>
                <line number="50" hits="0"/>
              </lines>
            </method>
          </methods>
          <lines>
            <line number="16" hits="21" branch="false"/>
            <line number="23" hits="21" branch="false"/>
            <line number="25" hits="21" branch="false"/>
            <line number="27" hits="21" branch="false"/>
            <line number="28" hits="42" branch="false"/>
            <line number="32" hits="388" branch="false"/>
            <line number="33" hits="388" branch="false"/>
            <line number="34" hits="0" branch="false"/>
            <line number="37" hits="1161" branch="false"/>
            <line number="42" hits="1161" branch="false"/>
            <line number="50" hits="0" branch="false"/>
          </lines>
        </class>
        <class name="Content.tsx" filename="src/table/components/Content.tsx" line-rate="1" branch-rate="1">
          <methods>
            <method name="(anonymous_0)" hits="21" signature="()V">
              <lines>
                <line number="13" hits="21"/>
              </lines>
            </method>
            <method name="(anonymous_1)" hits="21" signature="()V">
              <lines>
                <line number="19" hits="21"/>
              </lines>
            </method>
          </methods>
          <lines>
            <line number="14" hits="21" branch="false"/>
            <line number="20" hits="21" branch="false"/>
          </lines>
        </class>
        <class name="Header.tsx" filename="src/table/components/Header.tsx" line-rate="1" branch-rate="1">
          <methods>
            <method name="(anonymous_0)" hits="21" signature="()V">
              <lines>
                <line number="15" hits="21"/>
              </lines>
            </method>
            <method name="(anonymous_1)" hits="21" signature="()V">
              <lines>
                <line number="23" hits="21"/>
              </lines>
            </method>
            <method name="(anonymous_2)" hits="60" signature="()V">
              <lines>
                <line number="28" hits="60"/>
              </lines>
            </method>
          </methods>
          <lines>
            <line number="16" hits="21" branch="false"/>
            <line number="19" hits="21" branch="false"/>
            <line number="21" hits="21" branch="false"/>
            <line number="23" hits="21" branch="false"/>
            <line number="24" hits="21" branch="false"/>
            <line number="29" hits="60" branch="false"/>
          </lines>
        </class>
        <class name="HeaderCell.tsx" filename="src/table/components/HeaderCell.tsx" line-rate="1" branch-rate="0.9166">
          <methods>
            <method name="(anonymous_0)" hits="60" signature="()V">
              <lines>
                <line number="25" hits="60"/>
              </lines>
            </method>
            <method name="headerClick" hits="5" signature="()V">
              <lines>
                <line number="39" hits="5"/>
              </lines>
            </method>
            <method name="(anonymous_2)" hits="9" signature="()V">
              <lines>
                <line number="46" hits="9"/>
              </lines>
            </method>
            <method name="(anonymous_3)" hits="9" signature="()V">
              <lines>
                <line number="52" hits="9"/>
              </lines>
            </method>
            <method name="(anonymous_4)" hits="65" signature="()V">
              <lines>
                <line number="65" hits="65"/>
              </lines>
            </method>
            <method name="(anonymous_5)" hits="5" signature="()V">
              <lines>
                <line number="75" hits="5"/>
              </lines>
            </method>
          </methods>
          <lines>
            <line number="26" hits="60" branch="false"/>
            <line number="32" hits="60" branch="false"/>
            <line number="34" hits="60" branch="false"/>
            <line number="40" hits="5" branch="false"/>
            <line number="41" hits="5" branch="false"/>
            <line number="44" hits="60" branch="false"/>
            <line number="45" hits="60" branch="false"/>
            <line number="46" hits="60" branch="false"/>
            <line number="47" hits="9" branch="false"/>
            <line number="52" hits="60" branch="false"/>
            <line number="53" hits="9" branch="false"/>
            <line number="58" hits="60" branch="false"/>
            <line number="65" hits="60" branch="false"/>
            <line number="66" hits="65" branch="false"/>
            <line number="75" hits="5" branch="false"/>
          </lines>
        </class>
        <class name="PageBtn.tsx" filename="src/table/components/PageBtn.tsx" line-rate="1" branch-rate="0.875">
          <methods>
            <method name="(anonymous_0)" hits="59" signature="()V">
              <lines>
                <line number="39" hits="59"/>
              </lines>
            </method>
            <method name="(anonymous_1)" hits="65" signature="()V">
              <lines>
                <line number="42" hits="65"/>
              </lines>
            </method>
            <method name="(anonymous_2)" hits="83" signature="()V">
              <lines>
                <line number="43" hits="83"/>
              </lines>
            </method>
            <method name="(anonymous_3)" hits="145" signature="()V">
              <lines>
                <line number="45" hits="145"/>
              </lines>
            </method>
            <method name="(anonymous_4)" hits="14" signature="()V">
              <lines>
                <line number="52" hits="14"/>
              </lines>
            </method>
          </methods>
          <lines>
            <line number="12" hits="1" branch="false"/>
            <line number="17" hits="1" branch="false"/>
            <line number="40" hits="59" branch="false"/>
            <line number="41" hits="59" branch="false"/>
            <line number="42" hits="65" branch="true" condition-coverage="50% (1/2)"/>
            <line number="43" hits="83" branch="false"/>
            <line number="45" hits="59" branch="false"/>
            <line number="46" hits="145" branch="false"/>
            <line number="52" hits="14" branch="true" condition-coverage="100% (2/2)"/>
          </lines>
        </class>
        <class name="Pagenation.tsx" filename="src/table/components/Pagenation.tsx" line-rate="1" branch-rate="1">
          <methods>
            <method name="(anonymous_0)" hits="9" signature="()V">
              <lines>
                <line number="15" hits="9"/>
              </lines>
            </method>
            <method name="(anonymous_1)" hits="25" signature="()V">
              <lines>
                <line number="31" hits="25"/>
              </lines>
            </method>
            <method name="(anonymous_2)" hits="4" signature="()V">
              <lines>
                <line number="38" hits="4"/>
              </lines>
            </method>
            <method name="(anonymous_3)" hits="25" signature="()V">
              <lines>
                <line number="48" hits="25"/>
              </lines>
            </method>
          </methods>
          <lines>
            <line number="16" hits="9" branch="false"/>
            <line number="22" hits="9" branch="false"/>
            <line number="24" hits="9" branch="false"/>
            <line number="31" hits="9" branch="false"/>
            <line number="32" hits="25" branch="false"/>
            <line number="33" hits="25" branch="false"/>
            <line number="34" hits="121" branch="false"/>
            <line number="38" hits="4" branch="false"/>
            <line number="43" hits="25" branch="false"/>
            <line number="46" hits="9" branch="false"/>
            <line number="48" hits="9" branch="false"/>
            <line number="49" hits="25" branch="false"/>
          </lines>
        </class>
      </classes>
    </package>
    <package name="table.hook" line-rate="0.9772" branch-rate="0.8845999999999999">
      <classes>
        <class name="use-columns.ts" filename="src/table/hook/use-columns.ts" line-rate="1" branch-rate="1">
          <methods>
            <method name="useColumns" hits="21" signature="()V">
              <lines>
                <line number="10" hits="21"/>
              </lines>
            </method>
            <method name="(anonymous_1)" hits="22" signature="()V">
              <lines>
                <line number="14" hits="22"/>
              </lines>
            </method>
            <method name="(anonymous_2)" hits="60" signature="()V">
              <lines>
                <line number="14" hits="60"/>
              </lines>
            </method>
          </methods>
          <lines>
            <line number="6" hits="1" branch="false"/>
            <line number="11" hits="21" branch="true" condition-coverage="100% (2/2)"/>
            <line number="12" hits="1" branch="false"/>
            <line number="14" hits="22" branch="false"/>
            <line number="15" hits="60" branch="false"/>
            <line number="18" hits="60" branch="true" condition-coverage="100% (2/2)"/>
            <line number="19" hits="4" branch="true" condition-coverage="100% (2/2)"/>
            <line number="22" hits="60" branch="false"/>
            <line number="25" hits="21" branch="false"/>
            <line number="27" hits="21" branch="false"/>
          </lines>
        </class>
        <class name="use-data.ts" filename="src/table/hook/use-data.ts" line-rate="1" branch-rate="1">
          <methods>
            <method name="useData" hits="21" signature="()V">
              <lines>
                <line number="5" hits="21"/>
              </lines>
            </method>
            <method name="(anonymous_1)" hits="1" signature="()V">
              <lines>
                <line number="18" hits="1"/>
              </lines>
            </method>
            <method name="(anonymous_2)" hits="44" signature="()V">
              <lines>
                <line number="23" hits="44"/>
              </lines>
            </method>
          </methods>
          <lines>
            <line number="12" hits="21" branch="false"/>
            <line number="18" hits="21" branch="false"/>
            <line number="21" hits="21" branch="false"/>
            <line number="23" hits="21" branch="false"/>
            <line number="24" hits="44" branch="false"/>
            <line number="28" hits="44" branch="false"/>
            <line number="30" hits="44" branch="false"/>
            <line number="32" hits="44" branch="true" condition-coverage="100% (2/2)"/>
            <line number="34" hits="44" branch="true" condition-coverage="100% (2/2)"/>
            <line number="36" hits="44" branch="false"/>
            <line number="43" hits="21" branch="false"/>
          </lines>
        </class>
        <class name="use-page.ts" filename="src/table/hook/use-page.ts" line-rate="0.9655" branch-rate="0.8461">
          <methods>
            <method name="usePage" hits="21" signature="()V">
              <lines>
                <line number="12" hits="21"/>
              </lines>
            </method>
            <method name="(anonymous_1)" hits="23" signature="()V">
              <lines>
                <line number="23" hits="23"/>
              </lines>
            </method>
            <method name="(anonymous_2)" hits="58" signature="()V">
              <lines>
                <line number="26" hits="58"/>
              </lines>
            </method>
            <method name="(anonymous_3)" hits="25" signature="()V">
              <lines>
                <line number="32" hits="25"/>
              </lines>
            </method>
            <method name="lastPagenationStep" hits="5" signature="()V">
              <lines>
                <line number="64" hits="5"/>
              </lines>
            </method>
            <method name="nextPagenationStep" hits="5" signature="()V">
              <lines>
                <line number="77" hits="5"/>
              </lines>
            </method>
            <method name="setPagenationStep" hits="4" signature="()V">
              <lines>
                <line number="90" hits="4"/>
              </lines>
            </method>
          </methods>
          <lines>
            <line number="5" hits="1" branch="false"/>
            <line number="20" hits="21" branch="false"/>
            <line number="23" hits="23" branch="false"/>
            <line number="26" hits="21" branch="false"/>
            <line number="27" hits="58" branch="false"/>
            <line number="32" hits="21" branch="false"/>
            <line number="33" hits="25" branch="false"/>
            <line number="34" hits="25" branch="true" condition-coverage="100% (2/2)"/>
            <line number="35" hits="25" branch="true" condition-coverage="50% (1/2)"/>
            <line number="36" hits="25" branch="true" condition-coverage="100% (2/2)"/>
            <line number="41" hits="25" branch="true" condition-coverage="100% (2/2)"/>
            <line number="42" hits="1" branch="false"/>
            <line number="43" hits="24" branch="true" condition-coverage="100% (2/2)"/>
            <line number="46" hits="1" branch="false"/>
            <line number="48" hits="25" branch="false"/>
            <line number="55" hits="25" branch="false"/>
            <line number="65" hits="5" branch="false"/>
            <line number="66" hits="5" branch="true" condition-coverage="100% (2/2)"/>
            <line number="67" hits="5" branch="false"/>
            <line number="74" hits="5" branch="false"/>
            <line number="78" hits="5" branch="false"/>
            <line number="79" hits="5" branch="true" condition-coverage="100% (2/2)"/>
            <line number="80" hits="5" branch="false"/>
            <line number="87" hits="5" branch="false"/>
            <line number="92" hits="4" branch="true" condition-coverage="50% (1/2)"/>
            <line number="93" hits="0" branch="false"/>
            <line number="95" hits="4" branch="false"/>
            <line number="102" hits="4" branch="false"/>
            <line number="105" hits="21" branch="false"/>
          </lines>
        </class>
        <class name="use-sort.ts" filename="src/table/hook/use-sort.ts" line-rate="0.9736" branch-rate="0.875">
          <methods>
            <method name="useSort" hits="21" signature="()V">
              <lines>
                <line number="6" hits="21"/>
              </lines>
            </method>
            <method name="(anonymous_1)" hits="23" signature="()V">
              <lines>
                <line number="13" hits="23"/>
              </lines>
            </method>
            <method name="(anonymous_2)" hits="23" signature="()V">
              <lines>
                <line number="17" hits="23"/>
              </lines>
            </method>
            <method name="sortFunction" hits="5" signature="()V">
              <lines>
                <line number="25" hits="5"/>
              </lines>
            </method>
            <method name="(anonymous_4)" hits="9" signature="()V">
              <lines>
                <line number="31" hits="9"/>
              </lines>
            </method>
            <method name="sortData" hits="5" signature="()V">
              <lines>
                <line number="39" hits="5"/>
              </lines>
            </method>
            <method name="(anonymous_6)" hits="198" signature="()V">
              <lines>
                <line number="62" hits="198"/>
              </lines>
            </method>
            <method name="defaultSort" hits="2" signature="()V">
              <lines>
                <line number="70" hits="2"/>
              </lines>
            </method>
            <method name="(anonymous_8)" hits="5" signature="()V">
              <lines>
                <line number="73" hits="5"/>
              </lines>
            </method>
            <method name="(anonymous_9)" hits="5" signature="()V">
              <lines>
                <line number="77" hits="5"/>
              </lines>
            </method>
          </methods>
          <lines>
            <line number="11" hits="21" branch="false"/>
            <line number="13" hits="23" branch="false"/>
            <line number="15" hits="21" branch="false"/>
            <line number="17" hits="21" branch="false"/>
            <line number="18" hits="23" branch="true" condition-coverage="50% (1/2)"/>
            <line number="19" hits="23" branch="false"/>
            <line number="20" hits="23" branch="false"/>
            <line number="26" hits="5" branch="true" condition-coverage="50% (1/2)"/>
            <line number="27" hits="0" branch="false"/>
            <line number="29" hits="5" branch="false"/>
            <line number="30" hits="5" branch="false"/>
            <line number="31" hits="9" branch="false"/>
            <line number="32" hits="5" branch="true" condition-coverage="100% (2/2)"/>
            <line number="33" hits="5" branch="false"/>
            <line number="34" hits="5" branch="false"/>
            <line number="35" hits="5" branch="false"/>
            <line number="40" hits="5" branch="false"/>
            <line number="45" hits="5" branch="false"/>
            <line number="46" hits="5" branch="true" condition-coverage="100% (2/2)"/>
            <line number="47" hits="1" branch="false"/>
            <line number="51" hits="5" branch="true" condition-coverage="100% (2/2)"/>
            <line number="52" hits="5" branch="false"/>
            <line number="53" hits="5" branch="true" condition-coverage="100% (2/2)"/>
            <line number="54" hits="1" branch="false"/>
            <line number="55" hits="1" branch="false"/>
            <line number="56" hits="1" branch="false"/>
            <line number="60" hits="4" branch="true" condition-coverage="100% (2/2)"/>
            <line number="61" hits="2" branch="false"/>
            <line number="62" hits="2" branch="false"/>
            <line number="63" hits="198" branch="false"/>
            <line number="66" hits="2" branch="false"/>
            <line number="71" hits="2" branch="false"/>
            <line number="72" hits="2" branch="true" condition-coverage="100% (2/2)"/>
            <line number="73" hits="5" branch="false"/>
            <line number="74" hits="1" branch="false"/>
            <line number="77" hits="5" branch="false"/>
            <line number="80" hits="2" branch="false"/>
            <line number="83" hits="21" branch="false"/>
          </lines>
        </class>
      </classes>
    </package>
    <package name="utils" line-rate="0.9444" branch-rate="0.9">
      <classes>
        <class name="Logger.ts" filename="src/utils/Logger.ts" line-rate="0.9166" branch-rate="0.75">
          <methods>
            <method name="(anonymous_0)" hits="332" signature="()V">
              <lines>
                <line number="16" hits="332"/>
              </lines>
            </method>
            <method name="(anonymous_1)" hits="10" signature="()V">
              <lines>
                <line number="26" hits="10"/>
              </lines>
            </method>
            <method name="(anonymous_2)" hits="23" signature="()V">
              <lines>
                <line number="27" hits="23"/>
              </lines>
            </method>
            <method name="(anonymous_3)" hits="7" signature="()V">
              <lines>
                <line number="28" hits="7"/>
              </lines>
            </method>
            <method name="(anonymous_4)" hits="245" signature="()V">
              <lines>
                <line number="29" hits="245"/>
              </lines>
            </method>
            <method name="(anonymous_5)" hits="47" signature="()V">
              <lines>
                <line number="30" hits="47"/>
              </lines>
            </method>
          </methods>
          <lines>
            <line number="6" hits="1" branch="false"/>
            <line number="16" hits="1" branch="false"/>
            <line number="17" hits="332" branch="true" condition-coverage="50% (1/2)"/>
            <line number="18" hits="332" branch="true" condition-coverage="100% (2/2)"/>
            <line number="19" hits="332" branch="false"/>
            <line number="22" hits="0" branch="false"/>
            <line number="25" hits="1" branch="false"/>
            <line number="26" hits="10" branch="false"/>
            <line number="27" hits="23" branch="false"/>
            <line number="28" hits="7" branch="false"/>
            <line number="29" hits="245" branch="false"/>
            <line number="30" hits="47" branch="false"/>
          </lines>
        </class>
        <class name="StyleFormat.ts" filename="src/utils/StyleFormat.ts" line-rate="1" branch-rate="1">
          <methods>
            <method name="getPxResult" hits="18" signature="()V">
              <lines>
                <line number="4" hits="18"/>
              </lines>
            </method>
          </methods>
          <lines>
            <line number="5" hits="18" branch="true" condition-coverage="100% (2/2)"/>
            <line number="6" hits="6" branch="false"/>
            <line number="9" hits="12" branch="true" condition-coverage="100% (4/4)"/>
            <line number="10" hits="6" branch="false"/>
            <line number="11" hits="6" branch="false"/>
            <line number="14" hits="6" branch="false"/>
          </lines>
        </class>
      </classes>
    </package>
  </packages>
</coverage>
