<?xml version="1.0" ?>
<!DOCTYPE coverage SYSTEM "http://cobertura.sourceforge.net/xml/coverage-04.dtd">
<coverage lines-valid="168" lines-covered="161" line-rate="0.9582999999999999" branches-valid="100" branches-covered="92" branch-rate="0.92" timestamp="1636040237835" complexity="0" version="0.1">
  <sources>
    <source>/Users/soda/Desktop/code-testing</source>
  </sources>
  <packages>
    <package name="table" line-rate="0.95" branch-rate="0.8">
      <classes>
        <class name="Table.tsx" filename="src/table/Table.tsx" line-rate="0.9444" branch-rate="0.8">
          <methods>
            <method name="(anonymous_0)" hits="28" signature="()V">
              <lines>
                <line number="25" hits="28"/>
              </lines>
            </method>
            <method name="(anonymous_1)" hits="29" signature="()V">
              <lines>
                <line number="33" hits="29"/>
              </lines>
            </method>
            <method name="(anonymous_2)" hits="30" signature="()V">
              <lines>
                <line number="36" hits="30"/>
              </lines>
            </method>
            <method name="(anonymous_3)" hits="28" signature="()V">
              <lines>
                <line number="70" hits="28"/>
              </lines>
            </method>
            <method name="(anonymous_4)" hits="28" signature="()V">
              <lines>
                <line number="71" hits="28"/>
              </lines>
            </method>
            <method name="(anonymous_5)" hits="5" signature="()V">
              <lines>
                <line number="74" hits="5"/>
              </lines>
            </method>
            <method name="(anonymous_6)" hits="46" signature="()V">
              <lines>
                <line number="85" hits="46"/>
              </lines>
            </method>
          </methods>
          <lines>
            <line number="26" hits="28" branch="false"/>
            <line number="28" hits="28" branch="true" condition-coverage="50% (1/2)"/>
            <line number="29" hits="0" branch="false"/>
            <line number="33" hits="29" branch="true" condition-coverage="50% (1/2)"/>
            <line number="36" hits="30" branch="false"/>
            <line number="39" hits="28" branch="false"/>
            <line number="42" hits="28" branch="false"/>
            <line number="48" hits="28" branch="false"/>
            <line number="56" hits="28" branch="false"/>
            <line number="61" hits="28" branch="false"/>
            <line number="68" hits="28" branch="false"/>
            <line number="70" hits="28" branch="false"/>
            <line number="71" hits="28" branch="false"/>
            <line number="74" hits="5" branch="false"/>
            <line number="82" hits="28" branch="false"/>
            <line number="83" hits="28" branch="false"/>
            <line number="85" hits="28" branch="false"/>
            <line number="86" hits="46" branch="false"/>
          </lines>
        </class>
        <class name="index.ts" filename="src/table/index.ts" line-rate="0" branch-rate="0">
          <methods>
          </methods>
          <lines>
          </lines>
        </class>
        <class name="types.ts" filename="src/table/types.ts" line-rate="1" branch-rate="1">
          <methods>
          </methods>
          <lines>
            <line number="138" hits="1" branch="false"/>
            <line number="184" hits="1" branch="false"/>
          </lines>
        </class>
      </classes>
    </package>
    <package name="table.components" line-rate="1" branch-rate="1">
      <classes>
        <class name="Body.tsx" filename="src/table/components/Body.tsx" line-rate="1" branch-rate="1">
          <methods>
            <method name="(anonymous_0)" hits="28" signature="()V">
              <lines>
                <line number="15" hits="28"/>
              </lines>
            </method>
            <method name="(anonymous_1)" hits="52" signature="()V">
              <lines>
                <line number="25" hits="52"/>
              </lines>
            </method>
            <method name="(anonymous_2)" hits="423" signature="()V">
              <lines>
                <line number="29" hits="423"/>
              </lines>
            </method>
            <method name="(anonymous_3)" hits="2" signature="()V">
              <lines>
                <line number="35" hits="2"/>
              </lines>
            </method>
            <method name="(anonymous_4)" hits="1269" signature="()V">
              <lines>
                <line number="37" hits="1269"/>
              </lines>
            </method>
          </methods>
          <lines>
            <line number="16" hits="28" branch="false"/>
            <line number="21" hits="28" branch="false"/>
            <line number="23" hits="28" branch="false"/>
            <line number="25" hits="28" branch="false"/>
            <line number="26" hits="52" branch="false"/>
            <line number="30" hits="423" branch="false"/>
            <line number="31" hits="423" branch="false"/>
            <line number="35" hits="2" branch="false"/>
            <line number="38" hits="1269" branch="false"/>
          </lines>
        </class>
        <class name="BodyCell.tsx" filename="src/table/components/BodyCell.tsx" line-rate="1" branch-rate="1">
          <methods>
            <method name="(anonymous_0)" hits="543" signature="()V">
              <lines>
                <line number="33" hits="543"/>
              </lines>
            </method>
            <method name="(anonymous_1)" hits="1248" signature="()V">
              <lines>
                <line number="49" hits="1248"/>
              </lines>
            </method>
            <method name="(anonymous_2)" hits="1" signature="()V">
              <lines>
                <line number="58" hits="1"/>
              </lines>
            </method>
          </methods>
          <lines>
            <line number="34" hits="543" branch="false"/>
            <line number="39" hits="543" branch="false"/>
            <line number="41" hits="543" branch="false"/>
            <line number="43" hits="543" branch="false"/>
            <line number="49" hits="543" branch="false"/>
            <line number="50" hits="1248" branch="false"/>
            <line number="58" hits="1" branch="false"/>
          </lines>
        </class>
        <class name="Content.tsx" filename="src/table/components/Content.tsx" line-rate="1" branch-rate="1">
          <methods>
            <method name="(anonymous_0)" hits="28" signature="()V">
              <lines>
                <line number="13" hits="28"/>
              </lines>
            </method>
            <method name="(anonymous_1)" hits="28" signature="()V">
              <lines>
                <line number="19" hits="28"/>
              </lines>
            </method>
          </methods>
          <lines>
            <line number="14" hits="28" branch="false"/>
            <line number="20" hits="28" branch="false"/>
          </lines>
        </class>
        <class name="Header.tsx" filename="src/table/components/Header.tsx" line-rate="1" branch-rate="1">
          <methods>
            <method name="(anonymous_0)" hits="28" signature="()V">
              <lines>
                <line number="15" hits="28"/>
              </lines>
            </method>
            <method name="(anonymous_1)" hits="28" signature="()V">
              <lines>
                <line number="23" hits="28"/>
              </lines>
            </method>
            <method name="(anonymous_2)" hits="84" signature="()V">
              <lines>
                <line number="28" hits="84"/>
              </lines>
            </method>
          </methods>
          <lines>
            <line number="16" hits="28" branch="false"/>
            <line number="19" hits="28" branch="false"/>
            <line number="21" hits="28" branch="false"/>
            <line number="23" hits="28" branch="false"/>
            <line number="24" hits="28" branch="false"/>
            <line number="29" hits="84" branch="false"/>
          </lines>
        </class>
        <class name="HeaderCell.tsx" filename="src/table/components/HeaderCell.tsx" line-rate="1" branch-rate="1">
          <methods>
            <method name="(anonymous_0)" hits="84" signature="()V">
              <lines>
                <line number="24" hits="84"/>
              </lines>
            </method>
            <method name="(anonymous_1)" hits="9" signature="()V">
              <lines>
                <line number="40" hits="9"/>
              </lines>
            </method>
            <method name="(anonymous_2)" hits="12" signature="()V">
              <lines>
                <line number="41" hits="12"/>
              </lines>
            </method>
            <method name="headerClick" hits="6" signature="()V">
              <lines>
                <line number="49" hits="6"/>
              </lines>
            </method>
            <method name="(anonymous_4)" hits="11" signature="()V">
              <lines>
                <line number="55" hits="11"/>
              </lines>
            </method>
            <method name="(anonymous_5)" hits="11" signature="()V">
              <lines>
                <line number="61" hits="11"/>
              </lines>
            </method>
            <method name="(anonymous_6)" hits="90" signature="()V">
              <lines>
                <line number="74" hits="90"/>
              </lines>
            </method>
          </methods>
          <lines>
            <line number="25" hits="84" branch="false"/>
            <line number="32" hits="84" branch="false"/>
            <line number="34" hits="84" branch="false"/>
            <line number="39" hits="84" branch="false"/>
            <line number="40" hits="84" branch="false"/>
            <line number="41" hits="84" branch="false"/>
            <line number="42" hits="12" branch="true" condition-coverage="100% (2/2)"/>
            <line number="43" hits="6" branch="false"/>
            <line number="46" hits="6" branch="false"/>
            <line number="50" hits="6" branch="false"/>
            <line number="52" hits="6" branch="false"/>
            <line number="55" hits="84" branch="false"/>
            <line number="56" hits="11" branch="false"/>
            <line number="61" hits="84" branch="false"/>
            <line number="62" hits="11" branch="false"/>
            <line number="67" hits="84" branch="false"/>
            <line number="74" hits="84" branch="false"/>
            <line number="75" hits="90" branch="false"/>
          </lines>
        </class>
        <class name="PageBtn.tsx" filename="src/table/components/PageBtn.tsx" line-rate="1" branch-rate="1">
          <methods>
            <method name="(anonymous_0)" hits="126" signature="()V">
              <lines>
                <line number="39" hits="126"/>
              </lines>
            </method>
            <method name="(anonymous_1)" hits="134" signature="()V">
              <lines>
                <line number="42" hits="134"/>
              </lines>
            </method>
            <method name="(anonymous_2)" hits="152" signature="()V">
              <lines>
                <line number="43" hits="152"/>
              </lines>
            </method>
            <method name="(anonymous_3)" hits="214" signature="()V">
              <lines>
                <line number="45" hits="214"/>
              </lines>
            </method>
            <method name="(anonymous_4)" hits="15" signature="()V">
              <lines>
                <line number="52" hits="15"/>
              </lines>
            </method>
          </methods>
          <lines>
            <line number="12" hits="1" branch="false"/>
            <line number="17" hits="1" branch="false"/>
            <line number="40" hits="126" branch="false"/>
            <line number="41" hits="126" branch="false"/>
            <line number="42" hits="134" branch="false"/>
            <line number="43" hits="152" branch="false"/>
            <line number="45" hits="126" branch="false"/>
            <line number="46" hits="214" branch="false"/>
            <line number="52" hits="15" branch="true" condition-coverage="100% (2/2)"/>
          </lines>
        </class>
        <class name="Pagenation.tsx" filename="src/table/components/Pagenation.tsx" line-rate="1" branch-rate="1">
          <methods>
            <method name="(anonymous_0)" hits="12" signature="()V">
              <lines>
                <line number="35" hits="12"/>
              </lines>
            </method>
            <method name="(anonymous_1)" hits="29" signature="()V">
              <lines>
                <line number="39" hits="29"/>
              </lines>
            </method>
            <method name="(anonymous_2)" hits="4" signature="()V">
              <lines>
                <line number="46" hits="4"/>
              </lines>
            </method>
            <method name="(anonymous_3)" hits="29" signature="()V">
              <lines>
                <line number="56" hits="29"/>
              </lines>
            </method>
            <method name="(anonymous_4)" hits="5" signature="()V">
              <lines>
                <line number="65" hits="5"/>
              </lines>
            </method>
            <method name="(anonymous_5)" hits="6" signature="()V">
              <lines>
                <line number="71" hits="6"/>
              </lines>
            </method>
          </methods>
          <lines>
            <line number="37" hits="12" branch="false"/>
            <line number="39" hits="12" branch="false"/>
            <line number="40" hits="29" branch="false"/>
            <line number="41" hits="29" branch="false"/>
            <line number="42" hits="181" branch="false"/>
            <line number="46" hits="4" branch="false"/>
            <line number="51" hits="29" branch="false"/>
            <line number="54" hits="12" branch="false"/>
            <line number="56" hits="12" branch="false"/>
            <line number="57" hits="29" branch="false"/>
            <line number="65" hits="5" branch="false"/>
            <line number="71" hits="6" branch="false"/>
          </lines>
        </class>
      </classes>
    </package>
    <package name="table.hook" line-rate="0.9571" branch-rate="0.8863">
      <classes>
        <class name="use-columns.ts" filename="src/table/hook/use-columns.ts" line-rate="0.7142000000000001" branch-rate="0.5">
          <methods>
            <method name="useColumns" hits="28" signature="()V">
              <lines>
                <line number="5" hits="28"/>
              </lines>
            </method>
            <method name="(anonymous_1)" hits="28" signature="()V">
              <lines>
                <line number="11" hits="28"/>
              </lines>
            </method>
            <method name="(anonymous_2)" hits="84" signature="()V">
              <lines>
                <line number="13" hits="84"/>
              </lines>
            </method>
          </methods>
          <lines>
            <line number="6" hits="28" branch="true" condition-coverage="50% (1/2)"/>
            <line number="7" hits="0" branch="false"/>
            <line number="11" hits="28" branch="true" condition-coverage="50% (1/2)"/>
            <line number="13" hits="28" branch="false"/>
            <line number="14" hits="84" branch="true" condition-coverage="50% (1/2)"/>
            <line number="15" hits="0" branch="false"/>
            <line number="19" hits="28" branch="false"/>
          </lines>
        </class>
        <class name="use-data.ts" filename="src/table/hook/use-data.ts" line-rate="1" branch-rate="1">
          <methods>
            <method name="useData" hits="28" signature="()V">
              <lines>
                <line number="6" hits="28"/>
              </lines>
            </method>
            <method name="(anonymous_1)" hits="35" signature="()V">
              <lines>
                <line number="25" hits="35"/>
              </lines>
            </method>
            <method name="(anonymous_2)" hits="9" signature="()V">
              <lines>
                <line number="37" hits="9"/>
              </lines>
            </method>
            <method name="(anonymous_3)" hits="120" signature="()V">
              <lines>
                <line number="44" hits="120"/>
              </lines>
            </method>
            <method name="(anonymous_4)" hits="198" signature="()V">
              <lines>
                <line number="50" hits="198"/>
              </lines>
            </method>
            <method name="(anonymous_5)" hits="52" signature="()V">
              <lines>
                <line number="56" hits="52"/>
              </lines>
            </method>
          </methods>
          <lines>
            <line number="16" hits="28" branch="false"/>
            <line number="25" hits="28" branch="false"/>
            <line number="26" hits="35" branch="false"/>
            <line number="29" hits="35" branch="false"/>
            <line number="32" hits="35" branch="true" condition-coverage="100% (2/2)"/>
            <line number="33" hits="28" branch="false"/>
            <line number="37" hits="9" branch="false"/>
            <line number="39" hits="7" branch="false"/>
            <line number="41" hits="7" branch="true" condition-coverage="100% (2/2)"/>
            <line number="43" hits="5" branch="false"/>
            <line number="44" hits="120" branch="false"/>
            <line number="45" hits="5" branch="true" condition-coverage="100% (2/2)"/>
            <line number="48" hits="2" branch="false"/>
            <line number="50" hits="2" branch="false"/>
            <line number="51" hits="198" branch="false"/>
            <line number="56" hits="28" branch="false"/>
            <line number="60" hits="52" branch="false"/>
            <line number="62" hits="52" branch="false"/>
            <line number="64" hits="52" branch="false"/>
            <line number="66" hits="52" branch="true" condition-coverage="100% (2/2)"/>
            <line number="68" hits="52" branch="false"/>
            <line number="74" hits="52" branch="true" condition-coverage="100% (2/2)"/>
            <line number="77" hits="28" branch="false"/>
          </lines>
        </class>
        <class name="use-page.ts" filename="src/table/hook/use-page.ts" line-rate="0.9642000000000001" branch-rate="0.909">
          <methods>
            <method name="usePage" hits="28" signature="()V">
              <lines>
                <line number="12" hits="28"/>
              </lines>
            </method>
            <method name="(anonymous_1)" hits="43" signature="()V">
              <lines>
                <line number="26" hits="43"/>
              </lines>
            </method>
            <method name="(anonymous_2)" hits="31" signature="()V">
              <lines>
                <line number="30" hits="31"/>
              </lines>
            </method>
            <method name="lastPagenationStep" hits="5" signature="()V">
              <lines>
                <line number="67" hits="5"/>
              </lines>
            </method>
            <method name="nextPagenationStep" hits="6" signature="()V">
              <lines>
                <line number="78" hits="6"/>
              </lines>
            </method>
            <method name="setPagenationStep" hits="15" signature="()V">
              <lines>
                <line number="88" hits="15"/>
              </lines>
            </method>
          </methods>
          <lines>
            <line number="5" hits="1" branch="false"/>
            <line number="23" hits="28" branch="false"/>
            <line number="26" hits="28" branch="false"/>
            <line number="27" hits="43" branch="false"/>
            <line number="30" hits="28" branch="false"/>
            <line number="33" hits="31" branch="false"/>
            <line number="36" hits="31" branch="false"/>
            <line number="37" hits="31" branch="false"/>
            <line number="38" hits="31" branch="true" condition-coverage="100% (2/2)"/>
            <line number="43" hits="31" branch="true" condition-coverage="100% (2/2)"/>
            <line number="44" hits="1" branch="false"/>
            <line number="45" hits="30" branch="true" condition-coverage="100% (2/2)"/>
            <line number="48" hits="1" branch="false"/>
            <line number="50" hits="31" branch="false"/>
            <line number="57" hits="31" branch="false"/>
            <line number="68" hits="5" branch="false"/>
            <line number="69" hits="5" branch="true" condition-coverage="100% (2/2)"/>
            <line number="70" hits="5" branch="false"/>
            <line number="74" hits="5" branch="false"/>
            <line number="79" hits="6" branch="false"/>
            <line number="80" hits="6" branch="true" condition-coverage="100% (2/2)"/>
            <line number="81" hits="6" branch="false"/>
            <line number="85" hits="6" branch="false"/>
            <line number="90" hits="15" branch="true" condition-coverage="50% (1/2)"/>
            <line number="91" hits="0" branch="false"/>
            <line number="93" hits="15" branch="false"/>
            <line number="100" hits="15" branch="false"/>
            <line number="103" hits="28" branch="false"/>
          </lines>
        </class>
        <class name="use-sorter.ts" filename="src/table/hook/use-sorter.ts" line-rate="1" branch-rate="1">
          <methods>
            <method name="useSorter" hits="28" signature="()V">
              <lines>
                <line number="6" hits="28"/>
              </lines>
            </method>
            <method name="changeSortState" hits="6" signature="()V">
              <lines>
                <line number="13" hits="6"/>
              </lines>
            </method>
            <method name="(anonymous_2)" hits="10" signature="()V">
              <lines>
                <line number="16" hits="10"/>
              </lines>
            </method>
          </methods>
          <lines>
            <line number="10" hits="28" branch="false"/>
            <line number="15" hits="6" branch="false"/>
            <line number="16" hits="10" branch="false"/>
            <line number="17" hits="6" branch="true" condition-coverage="100% (2/2)"/>
            <line number="18" hits="6" branch="false"/>
            <line number="19" hits="6" branch="false"/>
            <line number="20" hits="6" branch="false"/>
            <line number="23" hits="28" branch="false"/>
          </lines>
        </class>
        <class name="use-table-sorter.ts" filename="src/table/hook/use-table-sorter.ts" line-rate="1" branch-rate="1">
          <methods>
            <method name="useTableSorter" hits="28" signature="()V">
              <lines>
                <line number="5" hits="28"/>
              </lines>
            </method>
            <method name="(anonymous_1)" hits="82" signature="()V">
              <lines>
                <line number="7" hits="82"/>
              </lines>
            </method>
            <method name="(anonymous_2)" hits="28" signature="()V">
              <lines>
                <line number="8" hits="28"/>
              </lines>
            </method>
          </methods>
          <lines>
            <line number="7" hits="82" branch="false"/>
            <line number="8" hits="28" branch="false"/>
            <line number="9" hits="28" branch="false"/>
            <line number="15" hits="28" branch="false"/>
          </lines>
        </class>
      </classes>
    </package>
    <package name="utils" line-rate="0.8" branch-rate="0.8332999999999999">
      <classes>
        <class name="Logger.ts" filename="src/utils/Logger.ts" line-rate="0.75" branch-rate="0.75">
          <methods>
            <method name="(anonymous_0)" hits="965" signature="()V">
              <lines>
                <line number="16" hits="965"/>
              </lines>
            </method>
            <method name="(anonymous_1)" hits="13" signature="()V">
              <lines>
                <line number="26" hits="13"/>
              </lines>
            </method>
            <method name="(anonymous_2)" hits="0" signature="()V">
              <lines>
                <line number="27" hits="0"/>
              </lines>
            </method>
            <method name="(anonymous_3)" hits="0" signature="()V">
              <lines>
                <line number="28" hits="0"/>
              </lines>
            </method>
            <method name="(anonymous_4)" hits="896" signature="()V">
              <lines>
                <line number="29" hits="896"/>
              </lines>
            </method>
            <method name="(anonymous_5)" hits="56" signature="()V">
              <lines>
                <line number="30" hits="56"/>
              </lines>
            </method>
          </methods>
          <lines>
            <line number="6" hits="1" branch="false"/>
            <line number="16" hits="1" branch="false"/>
            <line number="17" hits="965" branch="true" condition-coverage="50% (1/2)"/>
            <line number="18" hits="965" branch="true" condition-coverage="100% (2/2)"/>
            <line number="19" hits="965" branch="false"/>
            <line number="22" hits="0" branch="false"/>
            <line number="25" hits="1" branch="false"/>
            <line number="26" hits="13" branch="false"/>
            <line number="27" hits="0" branch="false"/>
            <line number="28" hits="0" branch="false"/>
            <line number="29" hits="896" branch="false"/>
            <line number="30" hits="56" branch="false"/>
          </lines>
        </class>
        <class name="StyleFormat.ts" filename="src/utils/StyleFormat.ts" line-rate="1" branch-rate="1">
          <methods>
            <method name="getPxResult" hits="33" signature="()V">
              <lines>
                <line number="3" hits="33"/>
              </lines>
            </method>
          </methods>
          <lines>
            <line number="4" hits="33" branch="true" condition-coverage="100% (2/2)"/>
            <line number="5" hits="11" branch="false"/>
            <line number="8" hits="22" branch="false"/>
          </lines>
        </class>
      </classes>
    </package>
  </packages>
</coverage>
