{"/Users/soda/Desktop/code-testing/src/table/Table.tsx": {"path":"/Users/soda/Desktop/code-testing/src/table/Table.tsx","statementMap":{"0":{"start":{"line":28,"column":6},"end":{"line":28,"column":20}},"1":{"start":{"line":29,"column":2},"end":{"line":42,"column":5}},"2":{"start":{"line":31,"column":31},"end":{"line":31,"column":48}},"3":{"start":{"line":32,"column":29},"end":{"line":32,"column":44}},"4":{"start":{"line":33,"column":25},"end":{"line":33,"column":36}},"5":{"start":{"line":34,"column":36},"end":{"line":34,"column":55}},"6":{"start":{"line":44,"column":2},"end":{"line":59,"column":4}},"7":{"start":{"line":45,"column":3},"end":{"line":58,"column":9}}},"fnMap":{"0":{"name":"(anonymous_0)","decl":{"start":{"line":18,"column":1},"end":{"line":18,"column":2}},"loc":{"start":{"line":18,"column":14},"end":{"line":60,"column":2}},"line":18},"1":{"name":"(anonymous_1)","decl":{"start":{"line":31,"column":25},"end":{"line":31,"column":26}},"loc":{"start":{"line":31,"column":31},"end":{"line":31,"column":48}},"line":31},"2":{"name":"(anonymous_2)","decl":{"start":{"line":32,"column":23},"end":{"line":32,"column":24}},"loc":{"start":{"line":32,"column":29},"end":{"line":32,"column":44}},"line":32},"3":{"name":"(anonymous_3)","decl":{"start":{"line":33,"column":19},"end":{"line":33,"column":20}},"loc":{"start":{"line":33,"column":25},"end":{"line":33,"column":36}},"line":33},"4":{"name":"(anonymous_4)","decl":{"start":{"line":34,"column":30},"end":{"line":34,"column":31}},"loc":{"start":{"line":34,"column":36},"end":{"line":34,"column":55}},"line":34},"5":{"name":"(anonymous_5)","decl":{"start":{"line":44,"column":9},"end":{"line":44,"column":10}},"loc":{"start":{"line":45,"column":3},"end":{"line":58,"column":9}},"line":45}},"branchMap":{"0":{"loc":{"start":{"line":52,"column":5},"end":{"line":56,"column":19}},"type":"cond-expr","locations":[{"start":{"line":53,"column":12},"end":{"line":55,"column":18}},{"start":{"line":56,"column":15},"end":{"line":56,"column":19}}],"line":52}},"s":{"0":7,"1":7,"2":6,"3":7,"4":6,"5":7,"6":7,"7":7},"f":{"0":7,"1":6,"2":7,"3":6,"4":7,"5":7},"b":{"0":[1,6]},"_coverageSchema":"1a1c01bbd47fc00a2c39e90264f33305004495a9","hash":"05e6fe0fe77588a2fe5b19e89320bedef11775b0"}
,"/Users/soda/Desktop/code-testing/src/table/index.ts": {"path":"/Users/soda/Desktop/code-testing/src/table/index.ts","statementMap":{},"fnMap":{},"branchMap":{},"s":{},"f":{},"b":{},"_coverageSchema":"1a1c01bbd47fc00a2c39e90264f33305004495a9","hash":"ddecbab2d6c56aafc5b3fcf29d5f4e2a5b3eb857"}
,"/Users/soda/Desktop/code-testing/src/table/types.ts": {"path":"/Users/soda/Desktop/code-testing/src/table/types.ts","statementMap":{"0":{"start":{"line":83,"column":26},"end":{"line":116,"column":1}},"1":{"start":{"line":86,"column":19},"end":{"line":86,"column":21}},"2":{"start":{"line":91,"column":19},"end":{"line":91,"column":21}},"3":{"start":{"line":120,"column":57},"end":{"line":120,"column":72}}},"fnMap":{"0":{"name":"(anonymous_0)","decl":{"start":{"line":86,"column":13},"end":{"line":86,"column":14}},"loc":{"start":{"line":86,"column":19},"end":{"line":86,"column":21}},"line":86},"1":{"name":"(anonymous_1)","decl":{"start":{"line":91,"column":13},"end":{"line":91,"column":14}},"loc":{"start":{"line":91,"column":19},"end":{"line":91,"column":21}},"line":91}},"branchMap":{},"s":{"0":1,"1":0,"2":0,"3":1},"f":{"0":0,"1":0},"b":{},"_coverageSchema":"1a1c01bbd47fc00a2c39e90264f33305004495a9","hash":"ef38a5c70b08040179e41e7985d0b75e1812c299"}
,"/Users/soda/Desktop/code-testing/src/table/components/Body.tsx": {"path":"/Users/soda/Desktop/code-testing/src/table/components/Body.tsx","statementMap":{"0":{"start":{"line":15,"column":23},"end":{"line":15,"column":60}},"1":{"start":{"line":23,"column":8},"end":{"line":23,"column":18}},"2":{"start":{"line":25,"column":4},"end":{"line":60,"column":6}},"3":{"start":{"line":26,"column":6},"end":{"line":59,"column":8}},"4":{"start":{"line":30,"column":31},"end":{"line":30,"column":65}},"5":{"start":{"line":31,"column":14},"end":{"line":55,"column":15}},"6":{"start":{"line":35,"column":42},"end":{"line":39,"column":23}},"7":{"start":{"line":40,"column":22},"end":{"line":51,"column":23}}},"fnMap":{"0":{"name":"(anonymous_0)","decl":{"start":{"line":14,"column":2},"end":{"line":14,"column":3}},"loc":{"start":{"line":14,"column":10},"end":{"line":61,"column":3}},"line":14},"1":{"name":"(anonymous_1)","decl":{"start":{"line":25,"column":11},"end":{"line":25,"column":12}},"loc":{"start":{"line":25,"column":17},"end":{"line":60,"column":5}},"line":25},"2":{"name":"(anonymous_2)","decl":{"start":{"line":29,"column":30},"end":{"line":29,"column":31}},"loc":{"start":{"line":29,"column":65},"end":{"line":56,"column":13}},"line":29},"3":{"name":"(anonymous_3)","decl":{"start":{"line":34,"column":41},"end":{"line":34,"column":42}},"loc":{"start":{"line":34,"column":51},"end":{"line":52,"column":21}},"line":34}},"branchMap":{"0":{"loc":{"start":{"line":37,"column":24},"end":{"line":37,"column":60}},"type":"cond-expr","locations":[{"start":{"line":37,"column":35},"end":{"line":37,"column":55}},{"start":{"line":37,"column":58},"end":{"line":37,"column":60}}],"line":37},"1":{"loc":{"start":{"line":38,"column":24},"end":{"line":38,"column":73}},"type":"cond-expr","locations":[{"start":{"line":38,"column":46},"end":{"line":38,"column":68}},{"start":{"line":38,"column":71},"end":{"line":38,"column":73}}],"line":38},"2":{"loc":{"start":{"line":44,"column":37},"end":{"line":44,"column":85}},"type":"binary-expr","locations":[{"start":{"line":44,"column":37},"end":{"line":44,"column":49}},{"start":{"line":44,"column":53},"end":{"line":44,"column":64}},{"start":{"line":44,"column":68},"end":{"line":44,"column":85}}],"line":44},"3":{"loc":{"start":{"line":45,"column":29},"end":{"line":45,"column":86}},"type":"binary-expr","locations":[{"start":{"line":45,"column":29},"end":{"line":45,"column":41}},{"start":{"line":45,"column":45},"end":{"line":45,"column":86}}],"line":45},"4":{"loc":{"start":{"line":49,"column":25},"end":{"line":49,"column":86}},"type":"cond-expr","locations":[{"start":{"line":49,"column":41},"end":{"line":49,"column":67}},{"start":{"line":49,"column":70},"end":{"line":49,"column":86}}],"line":49}},"s":{"0":7,"1":7,"2":7,"3":7,"4":31,"5":31,"6":93,"7":93},"f":{"0":7,"1":7,"2":31,"3":93},"b":{"0":[21,72],"1":[15,78],"2":[93,78,78],"3":[93,0],"4":[0,93]},"_coverageSchema":"1a1c01bbd47fc00a2c39e90264f33305004495a9","hash":"f8c5bedbbc966f9614b342692d8891e1c4dc5b43"}
,"/Users/soda/Desktop/code-testing/src/table/components/Content.tsx": {"path":"/Users/soda/Desktop/code-testing/src/table/components/Content.tsx","statementMap":{"0":{"start":{"line":17,"column":27},"end":{"line":17,"column":64}},"1":{"start":{"line":20,"column":14},"end":{"line":20,"column":24}},"2":{"start":{"line":21,"column":29},"end":{"line":21,"column":59}},"3":{"start":{"line":22,"column":8},"end":{"line":26,"column":10}},"4":{"start":{"line":30,"column":8},"end":{"line":36,"column":10}}},"fnMap":{"0":{"name":"(anonymous_0)","decl":{"start":{"line":16,"column":4},"end":{"line":16,"column":5}},"loc":{"start":{"line":16,"column":28},"end":{"line":27,"column":5}},"line":16},"1":{"name":"(anonymous_1)","decl":{"start":{"line":29,"column":4},"end":{"line":29,"column":5}},"loc":{"start":{"line":29,"column":13},"end":{"line":37,"column":5}},"line":29}},"branchMap":{},"s":{"0":7,"1":7,"2":7,"3":7,"4":7},"f":{"0":7,"1":7},"b":{},"_coverageSchema":"1a1c01bbd47fc00a2c39e90264f33305004495a9","hash":"14492e6a3d02c97b761ca78b4baa13be8989f2a2"}
,"/Users/soda/Desktop/code-testing/src/table/components/Header.tsx": {"path":"/Users/soda/Desktop/code-testing/src/table/components/Header.tsx","statementMap":{"0":{"start":{"line":18,"column":23},"end":{"line":18,"column":60}},"1":{"start":{"line":24,"column":8},"end":{"line":24,"column":18}},"2":{"start":{"line":29,"column":6},"end":{"line":31,"column":7}},"3":{"start":{"line":30,"column":8},"end":{"line":30,"column":47}},"4":{"start":{"line":32,"column":6},"end":{"line":32,"column":44}},"5":{"start":{"line":35,"column":4},"end":{"line":89,"column":5}},"6":{"start":{"line":36,"column":6},"end":{"line":88,"column":7}},"7":{"start":{"line":41,"column":38},"end":{"line":41,"column":63}},"8":{"start":{"line":42,"column":36},"end":{"line":47,"column":18}},"9":{"start":{"line":43,"column":18},"end":{"line":46,"column":20}},"10":{"start":{"line":48,"column":38},"end":{"line":53,"column":18}},"11":{"start":{"line":49,"column":18},"end":{"line":52,"column":20}},"12":{"start":{"line":54,"column":36},"end":{"line":59,"column":17}},"13":{"start":{"line":60,"column":16},"end":{"line":83,"column":18}},"14":{"start":{"line":69,"column":36},"end":{"line":69,"column":73}}},"fnMap":{"0":{"name":"(anonymous_0)","decl":{"start":{"line":17,"column":2},"end":{"line":17,"column":3}},"loc":{"start":{"line":17,"column":25},"end":{"line":90,"column":3}},"line":17},"1":{"name":"headerClick","decl":{"start":{"line":26,"column":13},"end":{"line":26,"column":24}},"loc":{"start":{"line":26,"column":96},"end":{"line":33,"column":5}},"line":26},"2":{"name":"(anonymous_2)","decl":{"start":{"line":35,"column":11},"end":{"line":35,"column":12}},"loc":{"start":{"line":35,"column":17},"end":{"line":89,"column":5}},"line":35},"3":{"name":"(anonymous_3)","decl":{"start":{"line":40,"column":35},"end":{"line":40,"column":36}},"loc":{"start":{"line":40,"column":45},"end":{"line":84,"column":15}},"line":40},"4":{"name":"(anonymous_4)","decl":{"start":{"line":42,"column":45},"end":{"line":42,"column":46}},"loc":{"start":{"line":42,"column":51},"end":{"line":47,"column":17}},"line":42},"5":{"name":"(anonymous_5)","decl":{"start":{"line":48,"column":47},"end":{"line":48,"column":48}},"loc":{"start":{"line":48,"column":53},"end":{"line":53,"column":17}},"line":48},"6":{"name":"(anonymous_6)","decl":{"start":{"line":69,"column":29},"end":{"line":69,"column":30}},"loc":{"start":{"line":69,"column":36},"end":{"line":69,"column":73}},"line":69}},"branchMap":{"0":{"loc":{"start":{"line":29,"column":6},"end":{"line":31,"column":7}},"type":"if","locations":[{"start":{"line":29,"column":6},"end":{"line":31,"column":7}},{"start":{"line":29,"column":6},"end":{"line":31,"column":7}}],"line":29},"1":{"loc":{"start":{"line":56,"column":18},"end":{"line":56,"column":58}},"type":"cond-expr","locations":[{"start":{"line":56,"column":37},"end":{"line":56,"column":53}},{"start":{"line":56,"column":56},"end":{"line":56,"column":58}}],"line":56},"2":{"loc":{"start":{"line":57,"column":18},"end":{"line":57,"column":59}},"type":"cond-expr","locations":[{"start":{"line":57,"column":32},"end":{"line":57,"column":54}},{"start":{"line":57,"column":57},"end":{"line":57,"column":59}}],"line":57},"3":{"loc":{"start":{"line":58,"column":18},"end":{"line":58,"column":68}},"type":"cond-expr","locations":[{"start":{"line":58,"column":40},"end":{"line":58,"column":64}},{"start":{"line":58,"column":66},"end":{"line":58,"column":68}}],"line":58},"4":{"loc":{"start":{"line":65,"column":33},"end":{"line":65,"column":66}},"type":"binary-expr","locations":[{"start":{"line":65,"column":33},"end":{"line":65,"column":45}},{"start":{"line":65,"column":49},"end":{"line":65,"column":66}}],"line":65},"5":{"loc":{"start":{"line":66,"column":25},"end":{"line":66,"column":82}},"type":"binary-expr","locations":[{"start":{"line":66,"column":25},"end":{"line":66,"column":37}},{"start":{"line":66,"column":41},"end":{"line":66,"column":82}}],"line":66},"6":{"loc":{"start":{"line":75,"column":24},"end":{"line":79,"column":39}},"type":"cond-expr","locations":[{"start":{"line":76,"column":26},"end":{"line":79,"column":33}},{"start":{"line":79,"column":37},"end":{"line":79,"column":39}}],"line":75}},"s":{"0":7,"1":7,"2":0,"3":0,"4":0,"5":7,"6":7,"7":21,"8":21,"9":0,"10":21,"11":0,"12":21,"13":21,"14":0},"f":{"0":7,"1":0,"2":7,"3":21,"4":0,"5":0,"6":0},"b":{"0":[0,0],"1":[0,21],"2":[0,21],"3":[3,18],"4":[21,18],"5":[21,0],"6":[0,21]},"_coverageSchema":"1a1c01bbd47fc00a2c39e90264f33305004495a9","hash":"d53dfee16e9b483dd2218b5fd3971346c77af371"}
,"/Users/soda/Desktop/code-testing/src/table/components/PageBtn.tsx": {"path":"/Users/soda/Desktop/code-testing/src/table/components/PageBtn.tsx","statementMap":{"0":{"start":{"line":11,"column":18},"end":{"line":14,"column":27}},"1":{"start":{"line":16,"column":23},"end":{"line":19,"column":1}},"2":{"start":{"line":36,"column":20},"end":{"line":36,"column":56}},"3":{"start":{"line":37,"column":15},"end":{"line":37,"column":40}},"4":{"start":{"line":38,"column":20},"end":{"line":38,"column":86}},"5":{"start":{"line":38,"column":35},"end":{"line":38,"column":85}},"6":{"start":{"line":39,"column":17},"end":{"line":39,"column":45}},"7":{"start":{"line":39,"column":32},"end":{"line":39,"column":44}},"8":{"start":{"line":41,"column":4},"end":{"line":49,"column":5}},"9":{"start":{"line":42,"column":6},"end":{"line":48,"column":70}},"10":{"start":{"line":48,"column":21},"end":{"line":48,"column":34}}},"fnMap":{"0":{"name":"(anonymous_0)","decl":{"start":{"line":35,"column":2},"end":{"line":35,"column":3}},"loc":{"start":{"line":35,"column":32},"end":{"line":50,"column":3}},"line":35},"1":{"name":"(anonymous_1)","decl":{"start":{"line":38,"column":29},"end":{"line":38,"column":30}},"loc":{"start":{"line":38,"column":35},"end":{"line":38,"column":85}},"line":38},"2":{"name":"(anonymous_2)","decl":{"start":{"line":39,"column":26},"end":{"line":39,"column":27}},"loc":{"start":{"line":39,"column":32},"end":{"line":39,"column":44}},"line":39},"3":{"name":"(anonymous_3)","decl":{"start":{"line":41,"column":11},"end":{"line":41,"column":12}},"loc":{"start":{"line":42,"column":6},"end":{"line":48,"column":70}},"line":42},"4":{"name":"(anonymous_4)","decl":{"start":{"line":48,"column":15},"end":{"line":48,"column":16}},"loc":{"start":{"line":48,"column":21},"end":{"line":48,"column":34}},"line":48}},"branchMap":{"0":{"loc":{"start":{"line":38,"column":35},"end":{"line":38,"column":85}},"type":"cond-expr","locations":[{"start":{"line":38,"column":62},"end":{"line":38,"column":71}},{"start":{"line":38,"column":74},"end":{"line":38,"column":85}}],"line":38},"1":{"loc":{"start":{"line":43,"column":8},"end":{"line":43,"column":69}},"type":"cond-expr","locations":[{"start":{"line":43,"column":20},"end":{"line":43,"column":64}},{"start":{"line":43,"column":67},"end":{"line":43,"column":69}}],"line":43},"2":{"loc":{"start":{"line":45,"column":8},"end":{"line":45,"column":36}},"type":"cond-expr","locations":[{"start":{"line":45,"column":23},"end":{"line":45,"column":31}},{"start":{"line":45,"column":34},"end":{"line":45,"column":36}}],"line":45},"3":{"loc":{"start":{"line":48,"column":37},"end":{"line":48,"column":63}},"type":"binary-expr","locations":[{"start":{"line":48,"column":37},"end":{"line":48,"column":55}},{"start":{"line":48,"column":59},"end":{"line":48,"column":63}}],"line":48}},"s":{"0":1,"1":1,"2":7,"3":7,"4":7,"5":7,"6":7,"7":7,"8":7,"9":7,"10":0},"f":{"0":7,"1":7,"2":7,"3":7,"4":0},"b":{"0":[0,7],"1":[2,5],"2":[1,6],"3":[7,2]},"_coverageSchema":"1a1c01bbd47fc00a2c39e90264f33305004495a9","hash":"31a6d2514c8a434f4e95ae60710c8c546f2f276f"}
,"/Users/soda/Desktop/code-testing/src/table/components/Pagenation.tsx": {"path":"/Users/soda/Desktop/code-testing/src/table/components/Pagenation.tsx","statementMap":{"0":{"start":{"line":15,"column":23},"end":{"line":15,"column":60}},"1":{"start":{"line":21,"column":8},"end":{"line":21,"column":18}},"2":{"start":{"line":23,"column":21},"end":{"line":36,"column":6}},"3":{"start":{"line":24,"column":17},"end":{"line":24,"column":19}},"4":{"start":{"line":25,"column":6},"end":{"line":34,"column":7}},"5":{"start":{"line":25,"column":19},"end":{"line":25,"column":20}},"6":{"start":{"line":26,"column":8},"end":{"line":33,"column":10}},"7":{"start":{"line":30,"column":29},"end":{"line":32,"column":16}},"8":{"start":{"line":35,"column":6},"end":{"line":35,"column":18}},"9":{"start":{"line":38,"column":4},"end":{"line":55,"column":6}},"10":{"start":{"line":39,"column":6},"end":{"line":54,"column":12}}},"fnMap":{"0":{"name":"(anonymous_0)","decl":{"start":{"line":14,"column":2},"end":{"line":14,"column":3}},"loc":{"start":{"line":14,"column":10},"end":{"line":56,"column":3}},"line":14},"1":{"name":"(anonymous_1)","decl":{"start":{"line":23,"column":30},"end":{"line":23,"column":31}},"loc":{"start":{"line":23,"column":36},"end":{"line":36,"column":5}},"line":23},"2":{"name":"(anonymous_2)","decl":{"start":{"line":30,"column":23},"end":{"line":30,"column":24}},"loc":{"start":{"line":30,"column":29},"end":{"line":32,"column":16}},"line":30},"3":{"name":"(anonymous_3)","decl":{"start":{"line":38,"column":11},"end":{"line":38,"column":12}},"loc":{"start":{"line":39,"column":6},"end":{"line":54,"column":12}},"line":39}},"branchMap":{"0":{"loc":{"start":{"line":46,"column":15},"end":{"line":46,"column":62}},"type":"cond-expr","locations":[{"start":{"line":46,"column":48},"end":{"line":46,"column":57}},{"start":{"line":46,"column":60},"end":{"line":46,"column":62}}],"line":46},"1":{"loc":{"start":{"line":52,"column":15},"end":{"line":52,"column":89}},"type":"cond-expr","locations":[{"start":{"line":52,"column":76},"end":{"line":52,"column":84}},{"start":{"line":52,"column":87},"end":{"line":52,"column":89}}],"line":52}},"s":{"0":1,"1":1,"2":1,"3":1,"4":1,"5":1,"6":5,"7":0,"8":1,"9":1,"10":1},"f":{"0":1,"1":1,"2":0,"3":1},"b":{"0":[1,0],"1":[0,1]},"_coverageSchema":"1a1c01bbd47fc00a2c39e90264f33305004495a9","hash":"5a48672889366fe91493edd401603c81defbf6ea"}
,"/Users/soda/Desktop/code-testing/src/table/hook/use-data.ts": {"path":"/Users/soda/Desktop/code-testing/src/table/hook/use-data.ts","statementMap":{"0":{"start":{"line":5,"column":43},"end":{"line":10,"column":1}},"1":{"start":{"line":14,"column":4},"end":{"line":23,"column":5}},"2":{"start":{"line":15,"column":8},"end":{"line":22,"column":11}},"3":{"start":{"line":16,"column":12},"end":{"line":21,"column":14}},"4":{"start":{"line":24,"column":4},"end":{"line":24,"column":14}},"5":{"start":{"line":38,"column":23},"end":{"line":38,"column":63}},"6":{"start":{"line":38,"column":38},"end":{"line":38,"column":62}},"7":{"start":{"line":41,"column":20},"end":{"line":41,"column":49}},"8":{"start":{"line":44,"column":26},"end":{"line":44,"column":50}},"9":{"start":{"line":47,"column":24},"end":{"line":47,"column":45}},"10":{"start":{"line":50,"column":4},"end":{"line":58,"column":7}},"11":{"start":{"line":51,"column":8},"end":{"line":51,"column":31}},"12":{"start":{"line":52,"column":8},"end":{"line":52,"column":50}},"13":{"start":{"line":53,"column":8},"end":{"line":56,"column":9}},"14":{"start":{"line":54,"column":12},"end":{"line":54,"column":26}},"15":{"start":{"line":55,"column":12},"end":{"line":55,"column":19}},"16":{"start":{"line":57,"column":8},"end":{"line":57,"column":41}},"17":{"start":{"line":60,"column":4},"end":{"line":64,"column":7}},"18":{"start":{"line":61,"column":8},"end":{"line":61,"column":22}},"19":{"start":{"line":66,"column":4},"end":{"line":70,"column":7}},"20":{"start":{"line":67,"column":8},"end":{"line":67,"column":22}},"21":{"start":{"line":72,"column":4},"end":{"line":72,"column":18}},"22":{"start":{"line":75,"column":20},"end":{"line":75,"column":42}},"23":{"start":{"line":79,"column":28},"end":{"line":79,"column":56}},"24":{"start":{"line":80,"column":22},"end":{"line":80,"column":81}},"25":{"start":{"line":80,"column":52},"end":{"line":80,"column":80}},"26":{"start":{"line":81,"column":8},"end":{"line":81,"column":86}},"27":{"start":{"line":82,"column":8},"end":{"line":82,"column":51}},"28":{"start":{"line":83,"column":8},"end":{"line":83,"column":65}},"29":{"start":{"line":84,"column":8},"end":{"line":84,"column":42}},"30":{"start":{"line":89,"column":24},"end":{"line":89,"column":58}},"31":{"start":{"line":90,"column":19},"end":{"line":90,"column":46}},"32":{"start":{"line":91,"column":8},"end":{"line":93,"column":9}},"33":{"start":{"line":92,"column":12},"end":{"line":92,"column":35}},"34":{"start":{"line":94,"column":8},"end":{"line":94,"column":67}},"35":{"start":{"line":95,"column":21},"end":{"line":95,"column":36}},"36":{"start":{"line":96,"column":8},"end":{"line":99,"column":9}},"37":{"start":{"line":97,"column":12},"end":{"line":97,"column":33}},"38":{"start":{"line":98,"column":12},"end":{"line":98,"column":19}},"39":{"start":{"line":100,"column":8},"end":{"line":106,"column":9}},"40":{"start":{"line":101,"column":12},"end":{"line":103,"column":15}},"41":{"start":{"line":102,"column":16},"end":{"line":102,"column":76}},"42":{"start":{"line":105,"column":12},"end":{"line":105,"column":19}},"43":{"start":{"line":110,"column":12},"end":{"line":113,"column":13}},"44":{"start":{"line":111,"column":16},"end":{"line":111,"column":55}},"45":{"start":{"line":111,"column":44},"end":{"line":111,"column":53}},"46":{"start":{"line":112,"column":16},"end":{"line":112,"column":38}},"47":{"start":{"line":115,"column":12},"end":{"line":115,"column":51}},"48":{"start":{"line":115,"column":40},"end":{"line":115,"column":49}},"49":{"start":{"line":118,"column":8},"end":{"line":118,"column":38}},"50":{"start":{"line":123,"column":8},"end":{"line":125,"column":9}},"51":{"start":{"line":124,"column":12},"end":{"line":124,"column":38}},"52":{"start":{"line":127,"column":34},"end":{"line":127,"column":57}},"53":{"start":{"line":128,"column":34},"end":{"line":130,"column":30}},"54":{"start":{"line":131,"column":21},"end":{"line":131,"column":48}},"55":{"start":{"line":132,"column":26},"end":{"line":134,"column":75}},"56":{"start":{"line":136,"column":25},"end":{"line":141,"column":9}},"57":{"start":{"line":143,"column":8},"end":{"line":143,"column":24}},"58":{"start":{"line":147,"column":8},"end":{"line":149,"column":9}},"59":{"start":{"line":148,"column":12},"end":{"line":148,"column":19}},"60":{"start":{"line":153,"column":12},"end":{"line":153,"column":31}},"61":{"start":{"line":155,"column":21},"end":{"line":155,"column":38}},"62":{"start":{"line":157,"column":27},"end":{"line":157,"column":78}},"63":{"start":{"line":159,"column":8},"end":{"line":159,"column":68}},"64":{"start":{"line":163,"column":19},"end":{"line":163,"column":47}},"65":{"start":{"line":164,"column":8},"end":{"line":164,"column":35}},"66":{"start":{"line":165,"column":8},"end":{"line":170,"column":10}},"67":{"start":{"line":174,"column":19},"end":{"line":174,"column":47}},"68":{"start":{"line":175,"column":8},"end":{"line":175,"column":91}},"69":{"start":{"line":176,"column":8},"end":{"line":181,"column":10}},"70":{"start":{"line":185,"column":8},"end":{"line":190,"column":10}},"71":{"start":{"line":193,"column":4},"end":{"line":202,"column":6}}},"fnMap":{"0":{"name":"getColumns","decl":{"start":{"line":12,"column":9},"end":{"line":12,"column":19}},"loc":{"start":{"line":12,"column":59},"end":{"line":25,"column":1}},"line":12},"1":{"name":"(anonymous_1)","decl":{"start":{"line":15,"column":33},"end":{"line":15,"column":34}},"loc":{"start":{"line":15,"column":41},"end":{"line":22,"column":9}},"line":15},"2":{"name":"useData","decl":{"start":{"line":27,"column":16},"end":{"line":27,"column":23}},"loc":{"start":{"line":36,"column":2},"end":{"line":203,"column":1}},"line":36},"3":{"name":"(anonymous_3)","decl":{"start":{"line":38,"column":32},"end":{"line":38,"column":33}},"loc":{"start":{"line":38,"column":38},"end":{"line":38,"column":62}},"line":38},"4":{"name":"(anonymous_4)","decl":{"start":{"line":50,"column":22},"end":{"line":50,"column":23}},"loc":{"start":{"line":50,"column":28},"end":{"line":58,"column":5}},"line":50},"5":{"name":"(anonymous_5)","decl":{"start":{"line":60,"column":23},"end":{"line":60,"column":24}},"loc":{"start":{"line":60,"column":29},"end":{"line":62,"column":5}},"line":60},"6":{"name":"(anonymous_6)","decl":{"start":{"line":66,"column":25},"end":{"line":66,"column":26}},"loc":{"start":{"line":66,"column":31},"end":{"line":68,"column":5}},"line":66},"7":{"name":"sortFunction","decl":{"start":{"line":78,"column":13},"end":{"line":78,"column":25}},"loc":{"start":{"line":78,"column":97},"end":{"line":85,"column":5}},"line":78},"8":{"name":"(anonymous_8)","decl":{"start":{"line":80,"column":44},"end":{"line":80,"column":45}},"loc":{"start":{"line":80,"column":52},"end":{"line":80,"column":80}},"line":80},"9":{"name":"sortData","decl":{"start":{"line":88,"column":13},"end":{"line":88,"column":21}},"loc":{"start":{"line":88,"column":91},"end":{"line":119,"column":5}},"line":88},"10":{"name":"(anonymous_10)","decl":{"start":{"line":101,"column":38},"end":{"line":101,"column":39}},"loc":{"start":{"line":101,"column":68},"end":{"line":103,"column":13}},"line":101},"11":{"name":"defaultSort","decl":{"start":{"line":109,"column":17},"end":{"line":109,"column":28}},"loc":{"start":{"line":109,"column":31},"end":{"line":116,"column":9}},"line":109},"12":{"name":"(anonymous_12)","decl":{"start":{"line":111,"column":36},"end":{"line":111,"column":37}},"loc":{"start":{"line":111,"column":44},"end":{"line":111,"column":53}},"line":111},"13":{"name":"(anonymous_13)","decl":{"start":{"line":115,"column":32},"end":{"line":115,"column":33}},"loc":{"start":{"line":115,"column":40},"end":{"line":115,"column":49}},"line":115},"14":{"name":"structurePageData","decl":{"start":{"line":122,"column":13},"end":{"line":122,"column":30}},"loc":{"start":{"line":122,"column":34},"end":{"line":144,"column":5}},"line":122},"15":{"name":"setPageData","decl":{"start":{"line":146,"column":13},"end":{"line":146,"column":24}},"loc":{"start":{"line":146,"column":27},"end":{"line":160,"column":5}},"line":146},"16":{"name":"lastPagenationStep","decl":{"start":{"line":162,"column":13},"end":{"line":162,"column":31}},"loc":{"start":{"line":162,"column":34},"end":{"line":171,"column":5}},"line":162},"17":{"name":"nextPagenationStep","decl":{"start":{"line":173,"column":13},"end":{"line":173,"column":31}},"loc":{"start":{"line":173,"column":34},"end":{"line":182,"column":5}},"line":173},"18":{"name":"setPagenationStep","decl":{"start":{"line":184,"column":13},"end":{"line":184,"column":30}},"loc":{"start":{"line":184,"column":66},"end":{"line":191,"column":5}},"line":184}},"branchMap":{"0":{"loc":{"start":{"line":14,"column":4},"end":{"line":23,"column":5}},"type":"if","locations":[{"start":{"line":14,"column":4},"end":{"line":23,"column":5}},{"start":{"line":14,"column":4},"end":{"line":23,"column":5}}],"line":14},"1":{"loc":{"start":{"line":18,"column":19},"end":{"line":20,"column":22}},"type":"cond-expr","locations":[{"start":{"line":18,"column":31},"end":{"line":20,"column":17}},{"start":{"line":20,"column":20},"end":{"line":20,"column":22}}],"line":18},"2":{"loc":{"start":{"line":19,"column":35},"end":{"line":19,"column":59}},"type":"binary-expr","locations":[{"start":{"line":19,"column":35},"end":{"line":19,"column":53}},{"start":{"line":19,"column":57},"end":{"line":19,"column":59}}],"line":19},"3":{"loc":{"start":{"line":53,"column":8},"end":{"line":56,"column":9}},"type":"if","locations":[{"start":{"line":53,"column":8},"end":{"line":56,"column":9}},{"start":{"line":53,"column":8},"end":{"line":56,"column":9}}],"line":53},"4":{"loc":{"start":{"line":81,"column":30},"end":{"line":81,"column":85}},"type":"cond-expr","locations":[{"start":{"line":81,"column":46},"end":{"line":81,"column":60}},{"start":{"line":81,"column":63},"end":{"line":81,"column":85}}],"line":81},"5":{"loc":{"start":{"line":89,"column":24},"end":{"line":89,"column":58}},"type":"binary-expr","locations":[{"start":{"line":89,"column":24},"end":{"line":89,"column":52}},{"start":{"line":89,"column":56},"end":{"line":89,"column":58}}],"line":89},"6":{"loc":{"start":{"line":91,"column":8},"end":{"line":93,"column":9}},"type":"if","locations":[{"start":{"line":91,"column":8},"end":{"line":93,"column":9}},{"start":{"line":91,"column":8},"end":{"line":93,"column":9}}],"line":91},"7":{"loc":{"start":{"line":94,"column":15},"end":{"line":94,"column":66}},"type":"cond-expr","locations":[{"start":{"line":94,"column":42},"end":{"line":94,"column":59}},{"start":{"line":94,"column":62},"end":{"line":94,"column":66}}],"line":94},"8":{"loc":{"start":{"line":96,"column":8},"end":{"line":99,"column":9}},"type":"if","locations":[{"start":{"line":96,"column":8},"end":{"line":99,"column":9}},{"start":{"line":96,"column":8},"end":{"line":99,"column":9}}],"line":96},"9":{"loc":{"start":{"line":100,"column":8},"end":{"line":106,"column":9}},"type":"if","locations":[{"start":{"line":100,"column":8},"end":{"line":106,"column":9}},{"start":{"line":100,"column":8},"end":{"line":106,"column":9}}],"line":100},"10":{"loc":{"start":{"line":110,"column":12},"end":{"line":113,"column":13}},"type":"if","locations":[{"start":{"line":110,"column":12},"end":{"line":113,"column":13}},{"start":{"line":110,"column":12},"end":{"line":113,"column":13}}],"line":110},"11":{"loc":{"start":{"line":123,"column":8},"end":{"line":125,"column":9}},"type":"if","locations":[{"start":{"line":123,"column":8},"end":{"line":125,"column":9}},{"start":{"line":123,"column":8},"end":{"line":125,"column":9}}],"line":123},"12":{"loc":{"start":{"line":128,"column":34},"end":{"line":130,"column":30}},"type":"cond-expr","locations":[{"start":{"line":129,"column":12},"end":{"line":129,"column":67}},{"start":{"line":130,"column":12},"end":{"line":130,"column":30}}],"line":128},"13":{"loc":{"start":{"line":131,"column":21},"end":{"line":131,"column":48}},"type":"binary-expr","locations":[{"start":{"line":131,"column":21},"end":{"line":131,"column":43}},{"start":{"line":131,"column":47},"end":{"line":131,"column":48}}],"line":131},"14":{"loc":{"start":{"line":132,"column":26},"end":{"line":134,"column":75}},"type":"cond-expr","locations":[{"start":{"line":133,"column":12},"end":{"line":133,"column":13}},{"start":{"line":134,"column":12},"end":{"line":134,"column":75}}],"line":132},"15":{"loc":{"start":{"line":147,"column":8},"end":{"line":149,"column":9}},"type":"if","locations":[{"start":{"line":147,"column":8},"end":{"line":149,"column":9}},{"start":{"line":147,"column":8},"end":{"line":149,"column":9}}],"line":147},"16":{"loc":{"start":{"line":157,"column":27},"end":{"line":157,"column":78}},"type":"cond-expr","locations":[{"start":{"line":157,"column":54},"end":{"line":157,"column":65}},{"start":{"line":157,"column":68},"end":{"line":157,"column":78}}],"line":157},"17":{"loc":{"start":{"line":164,"column":15},"end":{"line":164,"column":34}},"type":"cond-expr","locations":[{"start":{"line":164,"column":26},"end":{"line":164,"column":27}},{"start":{"line":164,"column":30},"end":{"line":164,"column":34}}],"line":164},"18":{"loc":{"start":{"line":175,"column":15},"end":{"line":175,"column":90}},"type":"cond-expr","locations":[{"start":{"line":175,"column":54},"end":{"line":175,"column":83}},{"start":{"line":175,"column":86},"end":{"line":175,"column":90}}],"line":175},"19":{"loc":{"start":{"line":186,"column":18},"end":{"line":186,"column":59}},"type":"binary-expr","locations":[{"start":{"line":186,"column":18},"end":{"line":186,"column":31}},{"start":{"line":186,"column":35},"end":{"line":186,"column":59}}],"line":186},"20":{"loc":{"start":{"line":187,"column":23},"end":{"line":187,"column":74}},"type":"binary-expr","locations":[{"start":{"line":187,"column":23},"end":{"line":187,"column":41}},{"start":{"line":187,"column":45},"end":{"line":187,"column":74}}],"line":187},"21":{"loc":{"start":{"line":188,"column":18},"end":{"line":188,"column":59}},"type":"binary-expr","locations":[{"start":{"line":188,"column":18},"end":{"line":188,"column":31}},{"start":{"line":188,"column":35},"end":{"line":188,"column":59}}],"line":188},"22":{"loc":{"start":{"line":189,"column":23},"end":{"line":189,"column":74}},"type":"binary-expr","locations":[{"start":{"line":189,"column":23},"end":{"line":189,"column":41}},{"start":{"line":189,"column":45},"end":{"line":189,"column":74}}],"line":189}},"s":{"0":1,"1":7,"2":7,"3":21,"4":0,"5":7,"6":7,"7":7,"8":7,"9":7,"10":7,"11":0,"12":0,"13":0,"14":0,"15":0,"16":0,"17":7,"18":0,"19":7,"20":0,"21":7,"22":7,"23":0,"24":0,"25":0,"26":0,"27":0,"28":0,"29":0,"30":0,"31":0,"32":0,"33":0,"34":0,"35":0,"36":0,"37":0,"38":0,"39":0,"40":0,"41":0,"42":0,"43":0,"44":0,"45":0,"46":0,"47":0,"48":0,"49":0,"50":7,"51":6,"52":1,"53":1,"54":1,"55":1,"56":1,"57":1,"58":7,"59":6,"60":1,"61":1,"62":1,"63":1,"64":0,"65":0,"66":0,"67":0,"68":0,"69":0,"70":0,"71":7},"f":{"0":7,"1":21,"2":7,"3":7,"4":0,"5":0,"6":0,"7":0,"8":0,"9":0,"10":0,"11":0,"12":0,"13":0,"14":7,"15":7,"16":0,"17":0,"18":0},"b":{"0":[7,0],"1":[0,21],"2":[0,0],"3":[0,0],"4":[0,0],"5":[0,0],"6":[0,0],"7":[0,0],"8":[0,0],"9":[0,0],"10":[0,0],"11":[6,1],"12":[1,0],"13":[1,0],"14":[0,1],"15":[6,1],"16":[0,1],"17":[0,0],"18":[0,0],"19":[0,0],"20":[0,0],"21":[0,0],"22":[0,0]},"_coverageSchema":"1a1c01bbd47fc00a2c39e90264f33305004495a9","hash":"b280edeebf88861c699c974a019ba50ccf278ed2"}
,"/Users/soda/Desktop/code-testing/src/table/hook/use-style.ts": {"path":"/Users/soda/Desktop/code-testing/src/table/hook/use-style.ts","statementMap":{"0":{"start":{"line":4,"column":18},"end":{"line":4,"column":22}},"1":{"start":{"line":5,"column":4},"end":{"line":7,"column":5}},"2":{"start":{"line":6,"column":8},"end":{"line":6,"column":30}},"3":{"start":{"line":9,"column":4},"end":{"line":9,"column":35}},"4":{"start":{"line":9,"column":26},"end":{"line":9,"column":33}}},"fnMap":{"0":{"name":"getStylePx","decl":{"start":{"line":3,"column":16},"end":{"line":3,"column":26}},"loc":{"start":{"line":3,"column":50},"end":{"line":10,"column":1}},"line":3},"1":{"name":"(anonymous_1)","decl":{"start":{"line":9,"column":20},"end":{"line":9,"column":21}},"loc":{"start":{"line":9,"column":26},"end":{"line":9,"column":33}},"line":9}},"branchMap":{"0":{"loc":{"start":{"line":5,"column":4},"end":{"line":7,"column":5}},"type":"if","locations":[{"start":{"line":5,"column":4},"end":{"line":7,"column":5}},{"start":{"line":5,"column":4},"end":{"line":7,"column":5}}],"line":5}},"s":{"0":186,"1":186,"2":186,"3":186,"4":186},"f":{"0":186,"1":186},"b":{"0":[186,0]},"_coverageSchema":"1a1c01bbd47fc00a2c39e90264f33305004495a9","hash":"4a830516f7e66de7a656c63f7a8ca0a7be9875b2"}
}
