{"/Users/soda/Desktop/code-testing/src/table/Table.tsx": {"path":"/Users/soda/Desktop/code-testing/src/table/Table.tsx","statementMap":{"0":{"start":{"line":25,"column":4},"end":{"line":25,"column":55}},"1":{"start":{"line":26,"column":23},"end":{"line":26,"column":40}},"2":{"start":{"line":30,"column":8},"end":{"line":30,"column":22}},"3":{"start":{"line":36,"column":8},"end":{"line":36,"column":87}},"4":{"start":{"line":36,"column":55},"end":{"line":36,"column":86}},"5":{"start":{"line":39,"column":8},"end":{"line":39,"column":50}},"6":{"start":{"line":41,"column":43},"end":{"line":52,"column":5}},"7":{"start":{"line":43,"column":28},"end":{"line":43,"column":39}},"8":{"start":{"line":44,"column":36},"end":{"line":44,"column":55}},"9":{"start":{"line":54,"column":4},"end":{"line":54,"column":66}},"10":{"start":{"line":55,"column":4},"end":{"line":55,"column":34}},"11":{"start":{"line":57,"column":4},"end":{"line":76,"column":5}},"12":{"start":{"line":58,"column":6},"end":{"line":75,"column":12}}},"fnMap":{"0":{"name":"(anonymous_0)","decl":{"start":{"line":24,"column":2},"end":{"line":24,"column":3}},"loc":{"start":{"line":24,"column":25},"end":{"line":77,"column":3}},"line":24},"1":{"name":"(anonymous_1)","decl":{"start":{"line":36,"column":23},"end":{"line":36,"column":24}},"loc":{"start":{"line":36,"column":55},"end":{"line":36,"column":86}},"line":36},"2":{"name":"(anonymous_2)","decl":{"start":{"line":43,"column":22},"end":{"line":43,"column":23}},"loc":{"start":{"line":43,"column":28},"end":{"line":43,"column":39}},"line":43},"3":{"name":"(anonymous_3)","decl":{"start":{"line":44,"column":30},"end":{"line":44,"column":31}},"loc":{"start":{"line":44,"column":36},"end":{"line":44,"column":55}},"line":44},"4":{"name":"(anonymous_4)","decl":{"start":{"line":57,"column":11},"end":{"line":57,"column":12}},"loc":{"start":{"line":58,"column":6},"end":{"line":75,"column":12}},"line":58}},"branchMap":{"0":{"loc":{"start":{"line":65,"column":10},"end":{"line":73,"column":11}},"type":"cond-expr","locations":[{"start":{"line":66,"column":12},"end":{"line":70,"column":20}},{"start":{"line":72,"column":12},"end":{"line":72,"column":83}}],"line":65},"1":{"loc":{"start":{"line":66,"column":12},"end":{"line":70,"column":20}},"type":"cond-expr","locations":[{"start":{"line":67,"column":14},"end":{"line":69,"column":20}},{"start":{"line":70,"column":16},"end":{"line":70,"column":20}}],"line":66},"2":{"loc":{"start":{"line":72,"column":12},"end":{"line":72,"column":83}},"type":"cond-expr","locations":[{"start":{"line":72,"column":44},"end":{"line":72,"column":63}},{"start":{"line":72,"column":66},"end":{"line":72,"column":83}}],"line":72}},"s":{"0":21,"1":21,"2":21,"3":21,"4":58,"5":21,"6":21,"7":20,"8":20,"9":21,"10":21,"11":21,"12":23},"f":{"0":21,"1":58,"2":20,"3":20,"4":23},"b":{"0":[22,1],"1":[9,13],"2":[0,1]},"_coverageSchema":"1a1c01bbd47fc00a2c39e90264f33305004495a9","hash":"834b430371ba37acc679f2f698c7ad4c3b9ad330"}
,"/Users/soda/Desktop/code-testing/src/table/index.ts": {"path":"/Users/soda/Desktop/code-testing/src/table/index.ts","statementMap":{},"fnMap":{},"branchMap":{},"s":{},"f":{},"b":{},"_coverageSchema":"1a1c01bbd47fc00a2c39e90264f33305004495a9","hash":"ddecbab2d6c56aafc5b3fcf29d5f4e2a5b3eb857"}
,"/Users/soda/Desktop/code-testing/src/table/types.ts": {"path":"/Users/soda/Desktop/code-testing/src/table/types.ts","statementMap":{"0":{"start":{"line":136,"column":26},"end":{"line":178,"column":1}},"1":{"start":{"line":182,"column":57},"end":{"line":182,"column":72}}},"fnMap":{},"branchMap":{},"s":{"0":1,"1":1},"f":{},"b":{},"_coverageSchema":"1a1c01bbd47fc00a2c39e90264f33305004495a9","hash":"0697b3ade5479d46c6dd612d2b8cc8a4a5df5d7f"}
,"/Users/soda/Desktop/code-testing/src/table/components/Body.tsx": {"path":"/Users/soda/Desktop/code-testing/src/table/components/Body.tsx","statementMap":{"0":{"start":{"line":16,"column":23},"end":{"line":16,"column":60}},"1":{"start":{"line":23,"column":8},"end":{"line":23,"column":18}},"2":{"start":{"line":25,"column":4},"end":{"line":25,"column":61}},"3":{"start":{"line":27,"column":4},"end":{"line":62,"column":5}},"4":{"start":{"line":28,"column":6},"end":{"line":61,"column":7}},"5":{"start":{"line":32,"column":31},"end":{"line":32,"column":65}},"6":{"start":{"line":33,"column":14},"end":{"line":57,"column":15}},"7":{"start":{"line":34,"column":57},"end":{"line":34,"column":82}},"8":{"start":{"line":37,"column":42},"end":{"line":41,"column":23}},"9":{"start":{"line":42,"column":22},"end":{"line":53,"column":23}},"10":{"start":{"line":50,"column":41},"end":{"line":50,"column":79}}},"fnMap":{"0":{"name":"(anonymous_0)","decl":{"start":{"line":15,"column":2},"end":{"line":15,"column":3}},"loc":{"start":{"line":15,"column":10},"end":{"line":63,"column":3}},"line":15},"1":{"name":"(anonymous_1)","decl":{"start":{"line":27,"column":11},"end":{"line":27,"column":12}},"loc":{"start":{"line":27,"column":17},"end":{"line":62,"column":5}},"line":27},"2":{"name":"(anonymous_2)","decl":{"start":{"line":31,"column":30},"end":{"line":31,"column":31}},"loc":{"start":{"line":31,"column":65},"end":{"line":58,"column":13}},"line":31},"3":{"name":"(anonymous_3)","decl":{"start":{"line":34,"column":51},"end":{"line":34,"column":52}},"loc":{"start":{"line":34,"column":57},"end":{"line":34,"column":82}},"line":34},"4":{"name":"(anonymous_4)","decl":{"start":{"line":36,"column":41},"end":{"line":36,"column":42}},"loc":{"start":{"line":36,"column":51},"end":{"line":54,"column":21}},"line":36},"5":{"name":"(anonymous_5)","decl":{"start":{"line":50,"column":35},"end":{"line":50,"column":36}},"loc":{"start":{"line":50,"column":41},"end":{"line":50,"column":79}},"line":50}},"branchMap":{"0":{"loc":{"start":{"line":39,"column":24},"end":{"line":39,"column":60}},"type":"cond-expr","locations":[{"start":{"line":39,"column":35},"end":{"line":39,"column":55}},{"start":{"line":39,"column":58},"end":{"line":39,"column":60}}],"line":39},"1":{"loc":{"start":{"line":40,"column":24},"end":{"line":40,"column":73}},"type":"cond-expr","locations":[{"start":{"line":40,"column":46},"end":{"line":40,"column":68}},{"start":{"line":40,"column":71},"end":{"line":40,"column":73}}],"line":40},"2":{"loc":{"start":{"line":47,"column":39},"end":{"line":47,"column":66}},"type":"binary-expr","locations":[{"start":{"line":47,"column":39},"end":{"line":47,"column":51}},{"start":{"line":47,"column":55},"end":{"line":47,"column":66}}],"line":47},"3":{"loc":{"start":{"line":48,"column":31},"end":{"line":48,"column":83}},"type":"binary-expr","locations":[{"start":{"line":48,"column":31},"end":{"line":48,"column":43}},{"start":{"line":48,"column":47},"end":{"line":48,"column":83}}],"line":48},"4":{"loc":{"start":{"line":51,"column":27},"end":{"line":51,"column":88}},"type":"cond-expr","locations":[{"start":{"line":51,"column":43},"end":{"line":51,"column":69}},{"start":{"line":51,"column":72},"end":{"line":51,"column":88}}],"line":51}},"s":{"0":21,"1":21,"2":21,"3":21,"4":42,"5":388,"6":388,"7":0,"8":1161,"9":1161,"10":0},"f":{"0":21,"1":42,"2":388,"3":0,"4":1161,"5":0},"b":{"0":[120,1041],"1":[15,1146],"2":[1161,1156],"3":[1161,15],"4":[5,1156]},"_coverageSchema":"1a1c01bbd47fc00a2c39e90264f33305004495a9","hash":"5168127d7f3ac567795fae560957e4a13a7c8d53"}
,"/Users/soda/Desktop/code-testing/src/table/components/Content.tsx": {"path":"/Users/soda/Desktop/code-testing/src/table/components/Content.tsx","statementMap":{"0":{"start":{"line":14,"column":4},"end":{"line":16,"column":5}},"1":{"start":{"line":20,"column":4},"end":{"line":26,"column":5}}},"fnMap":{"0":{"name":"(anonymous_0)","decl":{"start":{"line":13,"column":2},"end":{"line":13,"column":3}},"loc":{"start":{"line":13,"column":26},"end":{"line":17,"column":3}},"line":13},"1":{"name":"(anonymous_1)","decl":{"start":{"line":19,"column":2},"end":{"line":19,"column":3}},"loc":{"start":{"line":19,"column":11},"end":{"line":27,"column":3}},"line":19}},"branchMap":{},"s":{"0":21,"1":21},"f":{"0":21,"1":21},"b":{},"_coverageSchema":"1a1c01bbd47fc00a2c39e90264f33305004495a9","hash":"5948de1a4953b016dadcc7a5694b1be5b129b0c3"}
,"/Users/soda/Desktop/code-testing/src/table/components/Header.tsx": {"path":"/Users/soda/Desktop/code-testing/src/table/components/Header.tsx","statementMap":{"0":{"start":{"line":16,"column":23},"end":{"line":16,"column":60}},"1":{"start":{"line":19,"column":8},"end":{"line":19,"column":18}},"2":{"start":{"line":21,"column":4},"end":{"line":21,"column":65}},"3":{"start":{"line":23,"column":4},"end":{"line":35,"column":5}},"4":{"start":{"line":24,"column":6},"end":{"line":34,"column":7}},"5":{"start":{"line":29,"column":16},"end":{"line":29,"column":59}}},"fnMap":{"0":{"name":"(anonymous_0)","decl":{"start":{"line":15,"column":2},"end":{"line":15,"column":3}},"loc":{"start":{"line":15,"column":10},"end":{"line":36,"column":3}},"line":15},"1":{"name":"(anonymous_1)","decl":{"start":{"line":23,"column":11},"end":{"line":23,"column":12}},"loc":{"start":{"line":23,"column":17},"end":{"line":35,"column":5}},"line":23},"2":{"name":"(anonymous_2)","decl":{"start":{"line":28,"column":35},"end":{"line":28,"column":36}},"loc":{"start":{"line":28,"column":45},"end":{"line":30,"column":15}},"line":28}},"branchMap":{},"s":{"0":21,"1":21,"2":21,"3":21,"4":21,"5":60},"f":{"0":21,"1":21,"2":60},"b":{},"_coverageSchema":"1a1c01bbd47fc00a2c39e90264f33305004495a9","hash":"29f72f5dd94848121901450dc588a0ccc4fd97fc"}
,"/Users/soda/Desktop/code-testing/src/table/components/HeaderCell.tsx": {"path":"/Users/soda/Desktop/code-testing/src/table/components/HeaderCell.tsx","statementMap":{"0":{"start":{"line":26,"column":23},"end":{"line":26,"column":60}},"1":{"start":{"line":32,"column":8},"end":{"line":32,"column":18}},"2":{"start":{"line":34,"column":4},"end":{"line":37,"column":6}},"3":{"start":{"line":40,"column":6},"end":{"line":40,"column":36}},"4":{"start":{"line":41,"column":6},"end":{"line":41,"column":44}},"5":{"start":{"line":44,"column":19},"end":{"line":44,"column":31}},"6":{"start":{"line":45,"column":46},"end":{"line":45,"column":73}},"7":{"start":{"line":46,"column":24},"end":{"line":51,"column":6}},"8":{"start":{"line":47,"column":6},"end":{"line":50,"column":7}},"9":{"start":{"line":52,"column":26},"end":{"line":57,"column":6}},"10":{"start":{"line":53,"column":6},"end":{"line":56,"column":7}},"11":{"start":{"line":58,"column":24},"end":{"line":63,"column":5}},"12":{"start":{"line":65,"column":4},"end":{"line":90,"column":5}},"13":{"start":{"line":66,"column":6},"end":{"line":89,"column":7}},"14":{"start":{"line":75,"column":24},"end":{"line":75,"column":61}}},"fnMap":{"0":{"name":"(anonymous_0)","decl":{"start":{"line":25,"column":2},"end":{"line":25,"column":3}},"loc":{"start":{"line":25,"column":15},"end":{"line":91,"column":3}},"line":25},"1":{"name":"headerClick","decl":{"start":{"line":39,"column":13},"end":{"line":39,"column":24}},"loc":{"start":{"line":39,"column":101},"end":{"line":42,"column":5}},"line":39},"2":{"name":"(anonymous_2)","decl":{"start":{"line":46,"column":33},"end":{"line":46,"column":34}},"loc":{"start":{"line":46,"column":39},"end":{"line":51,"column":5}},"line":46},"3":{"name":"(anonymous_3)","decl":{"start":{"line":52,"column":35},"end":{"line":52,"column":36}},"loc":{"start":{"line":52,"column":41},"end":{"line":57,"column":5}},"line":52},"4":{"name":"(anonymous_4)","decl":{"start":{"line":65,"column":11},"end":{"line":65,"column":12}},"loc":{"start":{"line":65,"column":17},"end":{"line":90,"column":5}},"line":65},"5":{"name":"(anonymous_5)","decl":{"start":{"line":75,"column":19},"end":{"line":75,"column":20}},"loc":{"start":{"line":75,"column":24},"end":{"line":75,"column":61}},"line":75}},"branchMap":{"0":{"loc":{"start":{"line":60,"column":6},"end":{"line":60,"column":46}},"type":"cond-expr","locations":[{"start":{"line":60,"column":25},"end":{"line":60,"column":41}},{"start":{"line":60,"column":44},"end":{"line":60,"column":46}}],"line":60},"1":{"loc":{"start":{"line":61,"column":6},"end":{"line":61,"column":47}},"type":"cond-expr","locations":[{"start":{"line":61,"column":20},"end":{"line":61,"column":42}},{"start":{"line":61,"column":45},"end":{"line":61,"column":47}}],"line":61},"2":{"loc":{"start":{"line":62,"column":6},"end":{"line":62,"column":57}},"type":"cond-expr","locations":[{"start":{"line":62,"column":28},"end":{"line":62,"column":52}},{"start":{"line":62,"column":55},"end":{"line":62,"column":57}}],"line":62},"3":{"loc":{"start":{"line":71,"column":23},"end":{"line":71,"column":50}},"type":"binary-expr","locations":[{"start":{"line":71,"column":23},"end":{"line":71,"column":35}},{"start":{"line":71,"column":39},"end":{"line":71,"column":50}}],"line":71},"4":{"loc":{"start":{"line":72,"column":15},"end":{"line":72,"column":67}},"type":"binary-expr","locations":[{"start":{"line":72,"column":15},"end":{"line":72,"column":27}},{"start":{"line":72,"column":31},"end":{"line":72,"column":67}}],"line":72},"5":{"loc":{"start":{"line":81,"column":14},"end":{"line":85,"column":29}},"type":"cond-expr","locations":[{"start":{"line":82,"column":16},"end":{"line":85,"column":23}},{"start":{"line":85,"column":27},"end":{"line":85,"column":29}}],"line":81}},"s":{"0":60,"1":60,"2":60,"3":5,"4":5,"5":60,"6":60,"7":60,"8":9,"9":60,"10":9,"11":60,"12":60,"13":65,"14":5},"f":{"0":60,"1":5,"2":9,"3":9,"4":65,"5":5},"b":{"0":[0,60],"1":[4,56],"2":[3,57],"3":[65,64],"4":[65,3],"5":[9,56]},"_coverageSchema":"1a1c01bbd47fc00a2c39e90264f33305004495a9","hash":"cf11e8287aaf9f4b544f4a818f5463195aa284a0"}
,"/Users/soda/Desktop/code-testing/src/table/components/PageBtn.tsx": {"path":"/Users/soda/Desktop/code-testing/src/table/components/PageBtn.tsx","statementMap":{"0":{"start":{"line":12,"column":18},"end":{"line":15,"column":27}},"1":{"start":{"line":17,"column":23},"end":{"line":20,"column":1}},"2":{"start":{"line":40,"column":22},"end":{"line":40,"column":58}},"3":{"start":{"line":41,"column":17},"end":{"line":41,"column":42}},"4":{"start":{"line":42,"column":22},"end":{"line":42,"column":88}},"5":{"start":{"line":42,"column":37},"end":{"line":42,"column":87}},"6":{"start":{"line":43,"column":19},"end":{"line":43,"column":47}},"7":{"start":{"line":43,"column":34},"end":{"line":43,"column":46}},"8":{"start":{"line":45,"column":4},"end":{"line":53,"column":5}},"9":{"start":{"line":46,"column":6},"end":{"line":52,"column":70}},"10":{"start":{"line":52,"column":21},"end":{"line":52,"column":34}}},"fnMap":{"0":{"name":"(anonymous_0)","decl":{"start":{"line":39,"column":2},"end":{"line":39,"column":3}},"loc":{"start":{"line":39,"column":32},"end":{"line":54,"column":3}},"line":39},"1":{"name":"(anonymous_1)","decl":{"start":{"line":42,"column":31},"end":{"line":42,"column":32}},"loc":{"start":{"line":42,"column":37},"end":{"line":42,"column":87}},"line":42},"2":{"name":"(anonymous_2)","decl":{"start":{"line":43,"column":28},"end":{"line":43,"column":29}},"loc":{"start":{"line":43,"column":34},"end":{"line":43,"column":46}},"line":43},"3":{"name":"(anonymous_3)","decl":{"start":{"line":45,"column":11},"end":{"line":45,"column":12}},"loc":{"start":{"line":46,"column":6},"end":{"line":52,"column":70}},"line":46},"4":{"name":"(anonymous_4)","decl":{"start":{"line":52,"column":15},"end":{"line":52,"column":16}},"loc":{"start":{"line":52,"column":21},"end":{"line":52,"column":34}},"line":52}},"branchMap":{"0":{"loc":{"start":{"line":42,"column":37},"end":{"line":42,"column":87}},"type":"cond-expr","locations":[{"start":{"line":42,"column":64},"end":{"line":42,"column":73}},{"start":{"line":42,"column":76},"end":{"line":42,"column":87}}],"line":42},"1":{"loc":{"start":{"line":47,"column":8},"end":{"line":47,"column":69}},"type":"cond-expr","locations":[{"start":{"line":47,"column":20},"end":{"line":47,"column":64}},{"start":{"line":47,"column":67},"end":{"line":47,"column":69}}],"line":47},"2":{"loc":{"start":{"line":49,"column":8},"end":{"line":49,"column":36}},"type":"cond-expr","locations":[{"start":{"line":49,"column":23},"end":{"line":49,"column":31}},{"start":{"line":49,"column":34},"end":{"line":49,"column":36}}],"line":49},"3":{"loc":{"start":{"line":52,"column":37},"end":{"line":52,"column":63}},"type":"binary-expr","locations":[{"start":{"line":52,"column":37},"end":{"line":52,"column":55}},{"start":{"line":52,"column":59},"end":{"line":52,"column":63}}],"line":52}},"s":{"0":1,"1":1,"2":59,"3":59,"4":59,"5":65,"6":59,"7":83,"8":59,"9":145,"10":14},"f":{"0":59,"1":65,"2":83,"3":145,"4":14},"b":{"0":[0,65],"1":[24,121],"2":[25,120],"3":[145,24]},"_coverageSchema":"1a1c01bbd47fc00a2c39e90264f33305004495a9","hash":"6f5d95af7ab2f0ba30fab7a3b4ecee326e1e4c8a"}
,"/Users/soda/Desktop/code-testing/src/table/components/Pagenation.tsx": {"path":"/Users/soda/Desktop/code-testing/src/table/components/Pagenation.tsx","statementMap":{"0":{"start":{"line":16,"column":23},"end":{"line":16,"column":60}},"1":{"start":{"line":22,"column":8},"end":{"line":22,"column":18}},"2":{"start":{"line":24,"column":4},"end":{"line":29,"column":6}},"3":{"start":{"line":31,"column":21},"end":{"line":44,"column":6}},"4":{"start":{"line":32,"column":19},"end":{"line":32,"column":21}},"5":{"start":{"line":33,"column":6},"end":{"line":42,"column":7}},"6":{"start":{"line":33,"column":19},"end":{"line":33,"column":20}},"7":{"start":{"line":34,"column":8},"end":{"line":41,"column":9}},"8":{"start":{"line":38,"column":28},"end":{"line":40,"column":14}},"9":{"start":{"line":43,"column":6},"end":{"line":43,"column":17}},"10":{"start":{"line":46,"column":4},"end":{"line":46,"column":59}},"11":{"start":{"line":48,"column":4},"end":{"line":65,"column":5}},"12":{"start":{"line":49,"column":6},"end":{"line":64,"column":12}}},"fnMap":{"0":{"name":"(anonymous_0)","decl":{"start":{"line":15,"column":2},"end":{"line":15,"column":3}},"loc":{"start":{"line":15,"column":10},"end":{"line":66,"column":3}},"line":15},"1":{"name":"(anonymous_1)","decl":{"start":{"line":31,"column":30},"end":{"line":31,"column":31}},"loc":{"start":{"line":31,"column":36},"end":{"line":44,"column":5}},"line":31},"2":{"name":"(anonymous_2)","decl":{"start":{"line":38,"column":22},"end":{"line":38,"column":23}},"loc":{"start":{"line":38,"column":28},"end":{"line":40,"column":14}},"line":38},"3":{"name":"(anonymous_3)","decl":{"start":{"line":48,"column":11},"end":{"line":48,"column":12}},"loc":{"start":{"line":49,"column":6},"end":{"line":64,"column":12}},"line":49}},"branchMap":{"0":{"loc":{"start":{"line":56,"column":15},"end":{"line":56,"column":63}},"type":"cond-expr","locations":[{"start":{"line":56,"column":48},"end":{"line":56,"column":58}},{"start":{"line":56,"column":61},"end":{"line":56,"column":63}}],"line":56},"1":{"loc":{"start":{"line":62,"column":15},"end":{"line":62,"column":91}},"type":"cond-expr","locations":[{"start":{"line":62,"column":76},"end":{"line":62,"column":86}},{"start":{"line":62,"column":89},"end":{"line":62,"column":91}}],"line":62}},"s":{"0":9,"1":9,"2":9,"3":9,"4":25,"5":25,"6":25,"7":121,"8":4,"9":25,"10":9,"11":9,"12":25},"f":{"0":9,"1":25,"2":4,"3":25},"b":{"0":[10,15],"1":[7,18]},"_coverageSchema":"1a1c01bbd47fc00a2c39e90264f33305004495a9","hash":"403ce365b313966571406fbea09db7c595a51ece"}
,"/Users/soda/Desktop/code-testing/src/table/hook/use-columns.ts": {"path":"/Users/soda/Desktop/code-testing/src/table/hook/use-columns.ts","statementMap":{"0":{"start":{"line":6,"column":31},"end":{"line":8,"column":1}},"1":{"start":{"line":11,"column":2},"end":{"line":13,"column":3}},"2":{"start":{"line":12,"column":4},"end":{"line":12,"column":47}},"3":{"start":{"line":14,"column":21},"end":{"line":23,"column":40}},"4":{"start":{"line":14,"column":36},"end":{"line":23,"column":4}},"5":{"start":{"line":15,"column":17},"end":{"line":15,"column":29}},"6":{"start":{"line":18,"column":4},"end":{"line":20,"column":5}},"7":{"start":{"line":19,"column":6},"end":{"line":19,"column":57}},"8":{"start":{"line":22,"column":4},"end":{"line":22,"column":15}},"9":{"start":{"line":25,"column":2},"end":{"line":25,"column":59}},"10":{"start":{"line":27,"column":2},"end":{"line":27,"column":19}}},"fnMap":{"0":{"name":"useColumns","decl":{"start":{"line":10,"column":16},"end":{"line":10,"column":26}},"loc":{"start":{"line":10,"column":85},"end":{"line":28,"column":1}},"line":10},"1":{"name":"(anonymous_1)","decl":{"start":{"line":14,"column":30},"end":{"line":14,"column":31}},"loc":{"start":{"line":14,"column":36},"end":{"line":23,"column":4}},"line":14},"2":{"name":"(anonymous_2)","decl":{"start":{"line":14,"column":54},"end":{"line":14,"column":55}},"loc":{"start":{"line":14,"column":62},"end":{"line":23,"column":3}},"line":14}},"branchMap":{"0":{"loc":{"start":{"line":11,"column":2},"end":{"line":13,"column":3}},"type":"if","locations":[{"start":{"line":11,"column":2},"end":{"line":13,"column":3}},{"start":{"line":11,"column":2},"end":{"line":13,"column":3}}],"line":11},"1":{"loc":{"start":{"line":18,"column":4},"end":{"line":20,"column":5}},"type":"if","locations":[{"start":{"line":18,"column":4},"end":{"line":20,"column":5}},{"start":{"line":18,"column":4},"end":{"line":20,"column":5}}],"line":18},"2":{"loc":{"start":{"line":19,"column":18},"end":{"line":19,"column":57}},"type":"cond-expr","locations":[{"start":{"line":19,"column":41},"end":{"line":19,"column":45}},{"start":{"line":19,"column":48},"end":{"line":19,"column":57}}],"line":19}},"s":{"0":1,"1":21,"2":1,"3":21,"4":22,"5":60,"6":60,"7":4,"8":60,"9":21,"10":21},"f":{"0":21,"1":22,"2":60},"b":{"0":[1,20],"1":[4,56],"2":[3,1]},"_coverageSchema":"1a1c01bbd47fc00a2c39e90264f33305004495a9","hash":"89241cf800ce05def101fc0da008f25929fc5d5e"}
,"/Users/soda/Desktop/code-testing/src/table/hook/use-data.ts": {"path":"/Users/soda/Desktop/code-testing/src/table/hook/use-data.ts","statementMap":{"0":{"start":{"line":12,"column":2},"end":{"line":16,"column":4}},"1":{"start":{"line":18,"column":21},"end":{"line":18,"column":47}},"2":{"start":{"line":18,"column":36},"end":{"line":18,"column":46}},"3":{"start":{"line":21,"column":18},"end":{"line":21,"column":40}},"4":{"start":{"line":23,"column":2},"end":{"line":41,"column":4}},"5":{"start":{"line":24,"column":4},"end":{"line":24,"column":37}},"6":{"start":{"line":28,"column":8},"end":{"line":28,"column":27}},"7":{"start":{"line":30,"column":17},"end":{"line":30,"column":34}},"8":{"start":{"line":32,"column":25},"end":{"line":32,"column":76}},"9":{"start":{"line":34,"column":4},"end":{"line":34,"column":103}},"10":{"start":{"line":36,"column":4},"end":{"line":40,"column":6}},"11":{"start":{"line":43,"column":2},"end":{"line":45,"column":3}}},"fnMap":{"0":{"name":"useData","decl":{"start":{"line":5,"column":16},"end":{"line":5,"column":23}},"loc":{"start":{"line":10,"column":4},"end":{"line":46,"column":1}},"line":10},"1":{"name":"(anonymous_1)","decl":{"start":{"line":18,"column":30},"end":{"line":18,"column":31}},"loc":{"start":{"line":18,"column":36},"end":{"line":18,"column":46}},"line":18},"2":{"name":"(anonymous_2)","decl":{"start":{"line":23,"column":14},"end":{"line":23,"column":15}},"loc":{"start":{"line":23,"column":20},"end":{"line":41,"column":3}},"line":23}},"branchMap":{"0":{"loc":{"start":{"line":32,"column":25},"end":{"line":32,"column":76}},"type":"cond-expr","locations":[{"start":{"line":32,"column":52},"end":{"line":32,"column":63}},{"start":{"line":32,"column":66},"end":{"line":32,"column":76}}],"line":32},"1":{"loc":{"start":{"line":34,"column":20},"end":{"line":34,"column":103}},"type":"cond-expr","locations":[{"start":{"line":34,"column":39},"end":{"line":34,"column":82}},{"start":{"line":34,"column":85},"end":{"line":34,"column":103}}],"line":34}},"s":{"0":21,"1":21,"2":1,"3":21,"4":21,"5":44,"6":44,"7":44,"8":44,"9":44,"10":44,"11":21},"f":{"0":21,"1":1,"2":44},"b":{"0":[43,1],"1":[25,19]},"_coverageSchema":"1a1c01bbd47fc00a2c39e90264f33305004495a9","hash":"6310b9bec10894fc10d023f3ed41e5c0ef18111d"}
,"/Users/soda/Desktop/code-testing/src/table/hook/use-page.ts": {"path":"/Users/soda/Desktop/code-testing/src/table/hook/use-page.ts","statementMap":{"0":{"start":{"line":5,"column":43},"end":{"line":10,"column":1}},"1":{"start":{"line":20,"column":45},"end":{"line":20,"column":68}},"2":{"start":{"line":23,"column":21},"end":{"line":23,"column":61}},"3":{"start":{"line":23,"column":36},"end":{"line":23,"column":60}},"4":{"start":{"line":26,"column":2},"end":{"line":30,"column":4}},"5":{"start":{"line":27,"column":4},"end":{"line":27,"column":37}},"6":{"start":{"line":32,"column":2},"end":{"line":62,"column":4}},"7":{"start":{"line":33,"column":30},"end":{"line":33,"column":53}},"8":{"start":{"line":34,"column":30},"end":{"line":34,"column":86}},"9":{"start":{"line":35,"column":17},"end":{"line":35,"column":44}},"10":{"start":{"line":36,"column":22},"end":{"line":38,"column":85}},"11":{"start":{"line":41,"column":4},"end":{"line":47,"column":5}},"12":{"start":{"line":42,"column":6},"end":{"line":42,"column":40}},"13":{"start":{"line":43,"column":11},"end":{"line":47,"column":5}},"14":{"start":{"line":46,"column":6},"end":{"line":46,"column":32}},"15":{"start":{"line":48,"column":4},"end":{"line":53,"column":5}},"16":{"start":{"line":55,"column":4},"end":{"line":61,"column":6}},"17":{"start":{"line":65,"column":15},"end":{"line":65,"column":43}},"18":{"start":{"line":66,"column":4},"end":{"line":66,"column":30}},"19":{"start":{"line":67,"column":4},"end":{"line":72,"column":5}},"20":{"start":{"line":74,"column":4},"end":{"line":74,"column":70}},"21":{"start":{"line":78,"column":15},"end":{"line":78,"column":43}},"22":{"start":{"line":79,"column":4},"end":{"line":79,"column":86}},"23":{"start":{"line":80,"column":4},"end":{"line":85,"column":5}},"24":{"start":{"line":87,"column":4},"end":{"line":87,"column":70}},"25":{"start":{"line":92,"column":4},"end":{"line":94,"column":5}},"26":{"start":{"line":93,"column":6},"end":{"line":93,"column":40}},"27":{"start":{"line":95,"column":4},"end":{"line":100,"column":5}},"28":{"start":{"line":102,"column":4},"end":{"line":102,"column":71}},"29":{"start":{"line":105,"column":2},"end":{"line":110,"column":3}}},"fnMap":{"0":{"name":"usePage","decl":{"start":{"line":12,"column":16},"end":{"line":12,"column":23}},"loc":{"start":{"line":17,"column":2},"end":{"line":111,"column":1}},"line":17},"1":{"name":"(anonymous_1)","decl":{"start":{"line":23,"column":30},"end":{"line":23,"column":31}},"loc":{"start":{"line":23,"column":36},"end":{"line":23,"column":60}},"line":23},"2":{"name":"(anonymous_2)","decl":{"start":{"line":26,"column":23},"end":{"line":26,"column":24}},"loc":{"start":{"line":26,"column":29},"end":{"line":28,"column":3}},"line":26},"3":{"name":"(anonymous_3)","decl":{"start":{"line":32,"column":14},"end":{"line":32,"column":15}},"loc":{"start":{"line":32,"column":20},"end":{"line":62,"column":3}},"line":32},"4":{"name":"lastPagenationStep","decl":{"start":{"line":64,"column":11},"end":{"line":64,"column":29}},"loc":{"start":{"line":64,"column":32},"end":{"line":75,"column":3}},"line":64},"5":{"name":"nextPagenationStep","decl":{"start":{"line":77,"column":11},"end":{"line":77,"column":29}},"loc":{"start":{"line":77,"column":32},"end":{"line":88,"column":3}},"line":77},"6":{"name":"setPagenationStep","decl":{"start":{"line":90,"column":11},"end":{"line":90,"column":28}},"loc":{"start":{"line":90,"column":64},"end":{"line":103,"column":3}},"line":90}},"branchMap":{"0":{"loc":{"start":{"line":34,"column":30},"end":{"line":34,"column":86}},"type":"cond-expr","locations":[{"start":{"line":34,"column":49},"end":{"line":34,"column":65}},{"start":{"line":34,"column":68},"end":{"line":34,"column":86}}],"line":34},"1":{"loc":{"start":{"line":35,"column":17},"end":{"line":35,"column":44}},"type":"binary-expr","locations":[{"start":{"line":35,"column":17},"end":{"line":35,"column":39}},{"start":{"line":35,"column":43},"end":{"line":35,"column":44}}],"line":35},"2":{"loc":{"start":{"line":36,"column":22},"end":{"line":38,"column":85}},"type":"cond-expr","locations":[{"start":{"line":37,"column":6},"end":{"line":37,"column":7}},{"start":{"line":38,"column":6},"end":{"line":38,"column":85}}],"line":36},"3":{"loc":{"start":{"line":38,"column":46},"end":{"line":38,"column":84}},"type":"cond-expr","locations":[{"start":{"line":38,"column":79},"end":{"line":38,"column":80}},{"start":{"line":38,"column":83},"end":{"line":38,"column":84}}],"line":38},"4":{"loc":{"start":{"line":41,"column":4},"end":{"line":47,"column":5}},"type":"if","locations":[{"start":{"line":41,"column":4},"end":{"line":47,"column":5}},{"start":{"line":41,"column":4},"end":{"line":47,"column":5}}],"line":41},"5":{"loc":{"start":{"line":43,"column":11},"end":{"line":47,"column":5}},"type":"if","locations":[{"start":{"line":43,"column":11},"end":{"line":47,"column":5}},{"start":{"line":43,"column":11},"end":{"line":47,"column":5}}],"line":43},"6":{"loc":{"start":{"line":66,"column":11},"end":{"line":66,"column":30}},"type":"cond-expr","locations":[{"start":{"line":66,"column":22},"end":{"line":66,"column":23}},{"start":{"line":66,"column":26},"end":{"line":66,"column":30}}],"line":66},"7":{"loc":{"start":{"line":79,"column":11},"end":{"line":79,"column":86}},"type":"cond-expr","locations":[{"start":{"line":79,"column":50},"end":{"line":79,"column":79}},{"start":{"line":79,"column":82},"end":{"line":79,"column":86}}],"line":79},"8":{"loc":{"start":{"line":92,"column":4},"end":{"line":94,"column":5}},"type":"if","locations":[{"start":{"line":92,"column":4},"end":{"line":94,"column":5}},{"start":{"line":92,"column":4},"end":{"line":94,"column":5}}],"line":92},"9":{"loc":{"start":{"line":96,"column":12},"end":{"line":96,"column":53}},"type":"binary-expr","locations":[{"start":{"line":96,"column":12},"end":{"line":96,"column":25}},{"start":{"line":96,"column":29},"end":{"line":96,"column":53}}],"line":96},"10":{"loc":{"start":{"line":97,"column":17},"end":{"line":97,"column":68}},"type":"binary-expr","locations":[{"start":{"line":97,"column":17},"end":{"line":97,"column":35}},{"start":{"line":97,"column":39},"end":{"line":97,"column":68}}],"line":97},"11":{"loc":{"start":{"line":98,"column":12},"end":{"line":98,"column":53}},"type":"binary-expr","locations":[{"start":{"line":98,"column":12},"end":{"line":98,"column":25}},{"start":{"line":98,"column":29},"end":{"line":98,"column":53}}],"line":98},"12":{"loc":{"start":{"line":99,"column":17},"end":{"line":99,"column":68}},"type":"binary-expr","locations":[{"start":{"line":99,"column":17},"end":{"line":99,"column":35}},{"start":{"line":99,"column":39},"end":{"line":99,"column":68}}],"line":99}},"s":{"0":1,"1":21,"2":21,"3":23,"4":21,"5":58,"6":21,"7":25,"8":25,"9":25,"10":25,"11":25,"12":1,"13":24,"14":1,"15":25,"16":25,"17":5,"18":5,"19":5,"20":5,"21":5,"22":5,"23":5,"24":5,"25":4,"26":0,"27":4,"28":4,"29":21},"f":{"0":21,"1":23,"2":58,"3":25,"4":5,"5":5,"6":4},"b":{"0":[11,14],"1":[25,0],"2":[1,24],"3":[0,24],"4":[1,24],"5":[1,23],"6":[1,4],"7":[1,4],"8":[0,4],"9":[4,0],"10":[4,4],"11":[4,4],"12":[4,4]},"_coverageSchema":"1a1c01bbd47fc00a2c39e90264f33305004495a9","hash":"8187f85d00c5d2240e822be130e344111f208b99"}
,"/Users/soda/Desktop/code-testing/src/table/hook/use-sort.ts": {"path":"/Users/soda/Desktop/code-testing/src/table/hook/use-sort.ts","statementMap":{"0":{"start":{"line":11,"column":39},"end":{"line":11,"column":54}},"1":{"start":{"line":13,"column":21},"end":{"line":13,"column":47}},"2":{"start":{"line":13,"column":36},"end":{"line":13,"column":46}},"3":{"start":{"line":15,"column":13},"end":{"line":15,"column":33}},"4":{"start":{"line":17,"column":2},"end":{"line":22,"column":4}},"5":{"start":{"line":18,"column":4},"end":{"line":21,"column":5}},"6":{"start":{"line":19,"column":6},"end":{"line":19,"column":50}},"7":{"start":{"line":20,"column":6},"end":{"line":20,"column":42}},"8":{"start":{"line":26,"column":4},"end":{"line":28,"column":5}},"9":{"start":{"line":27,"column":6},"end":{"line":27,"column":12}},"10":{"start":{"line":29,"column":4},"end":{"line":29,"column":49}},"11":{"start":{"line":30,"column":24},"end":{"line":30,"column":89}},"12":{"start":{"line":31,"column":18},"end":{"line":31,"column":77}},"13":{"start":{"line":31,"column":48},"end":{"line":31,"column":76}},"14":{"start":{"line":32,"column":4},"end":{"line":32,"column":81}},"15":{"start":{"line":33,"column":4},"end":{"line":33,"column":47}},"16":{"start":{"line":34,"column":4},"end":{"line":34,"column":66}},"17":{"start":{"line":35,"column":4},"end":{"line":35,"column":46}},"18":{"start":{"line":40,"column":4},"end":{"line":44,"column":6}},"19":{"start":{"line":45,"column":15},"end":{"line":45,"column":42}},"20":{"start":{"line":46,"column":4},"end":{"line":48,"column":5}},"21":{"start":{"line":47,"column":6},"end":{"line":47,"column":28}},"22":{"start":{"line":51,"column":4},"end":{"line":51,"column":62}},"23":{"start":{"line":52,"column":27},"end":{"line":52,"column":68}},"24":{"start":{"line":53,"column":4},"end":{"line":57,"column":5}},"25":{"start":{"line":54,"column":6},"end":{"line":54,"column":81}},"26":{"start":{"line":55,"column":6},"end":{"line":55,"column":30}},"27":{"start":{"line":56,"column":6},"end":{"line":56,"column":12}},"28":{"start":{"line":60,"column":4},"end":{"line":67,"column":5}},"29":{"start":{"line":61,"column":6},"end":{"line":61,"column":61}},"30":{"start":{"line":62,"column":6},"end":{"line":64,"column":8}},"31":{"start":{"line":63,"column":8},"end":{"line":63,"column":52}},"32":{"start":{"line":66,"column":6},"end":{"line":66,"column":12}},"33":{"start":{"line":71,"column":6},"end":{"line":71,"column":52}},"34":{"start":{"line":72,"column":6},"end":{"line":75,"column":7}},"35":{"start":{"line":73,"column":8},"end":{"line":73,"column":46}},"36":{"start":{"line":73,"column":36},"end":{"line":73,"column":45}},"37":{"start":{"line":74,"column":8},"end":{"line":74,"column":29}},"38":{"start":{"line":77,"column":6},"end":{"line":77,"column":44}},"39":{"start":{"line":77,"column":34},"end":{"line":77,"column":43}},"40":{"start":{"line":80,"column":4},"end":{"line":80,"column":37}},"41":{"start":{"line":83,"column":2},"end":{"line":86,"column":3}}},"fnMap":{"0":{"name":"useSort","decl":{"start":{"line":6,"column":16},"end":{"line":6,"column":23}},"loc":{"start":{"line":9,"column":2},"end":{"line":87,"column":1}},"line":9},"1":{"name":"(anonymous_1)","decl":{"start":{"line":13,"column":30},"end":{"line":13,"column":31}},"loc":{"start":{"line":13,"column":36},"end":{"line":13,"column":46}},"line":13},"2":{"name":"(anonymous_2)","decl":{"start":{"line":17,"column":14},"end":{"line":17,"column":15}},"loc":{"start":{"line":17,"column":20},"end":{"line":22,"column":3}},"line":17},"3":{"name":"sortFunction","decl":{"start":{"line":25,"column":11},"end":{"line":25,"column":23}},"loc":{"start":{"line":25,"column":100},"end":{"line":36,"column":3}},"line":25},"4":{"name":"(anonymous_4)","decl":{"start":{"line":31,"column":40},"end":{"line":31,"column":41}},"loc":{"start":{"line":31,"column":48},"end":{"line":31,"column":76}},"line":31},"5":{"name":"sortData","decl":{"start":{"line":39,"column":11},"end":{"line":39,"column":19}},"loc":{"start":{"line":39,"column":84},"end":{"line":81,"column":3}},"line":39},"6":{"name":"(anonymous_6)","decl":{"start":{"line":62,"column":36},"end":{"line":62,"column":37}},"loc":{"start":{"line":62,"column":66},"end":{"line":64,"column":7}},"line":62},"7":{"name":"defaultSort","decl":{"start":{"line":70,"column":13},"end":{"line":70,"column":24}},"loc":{"start":{"line":70,"column":27},"end":{"line":78,"column":5}},"line":70},"8":{"name":"(anonymous_8)","decl":{"start":{"line":73,"column":28},"end":{"line":73,"column":29}},"loc":{"start":{"line":73,"column":36},"end":{"line":73,"column":45}},"line":73},"9":{"name":"(anonymous_9)","decl":{"start":{"line":77,"column":26},"end":{"line":77,"column":27}},"loc":{"start":{"line":77,"column":34},"end":{"line":77,"column":43}},"line":77}},"branchMap":{"0":{"loc":{"start":{"line":18,"column":4},"end":{"line":21,"column":5}},"type":"if","locations":[{"start":{"line":18,"column":4},"end":{"line":21,"column":5}},{"start":{"line":18,"column":4},"end":{"line":21,"column":5}}],"line":18},"1":{"loc":{"start":{"line":26,"column":4},"end":{"line":28,"column":5}},"type":"if","locations":[{"start":{"line":26,"column":4},"end":{"line":28,"column":5}},{"start":{"line":26,"column":4},"end":{"line":28,"column":5}}],"line":26},"2":{"loc":{"start":{"line":32,"column":26},"end":{"line":32,"column":81}},"type":"cond-expr","locations":[{"start":{"line":32,"column":42},"end":{"line":32,"column":56}},{"start":{"line":32,"column":59},"end":{"line":32,"column":81}}],"line":32},"3":{"loc":{"start":{"line":46,"column":4},"end":{"line":48,"column":5}},"type":"if","locations":[{"start":{"line":46,"column":4},"end":{"line":48,"column":5}},{"start":{"line":46,"column":4},"end":{"line":48,"column":5}}],"line":46},"4":{"loc":{"start":{"line":51,"column":11},"end":{"line":51,"column":62}},"type":"cond-expr","locations":[{"start":{"line":51,"column":38},"end":{"line":51,"column":55}},{"start":{"line":51,"column":58},"end":{"line":51,"column":62}}],"line":51},"5":{"loc":{"start":{"line":53,"column":4},"end":{"line":57,"column":5}},"type":"if","locations":[{"start":{"line":53,"column":4},"end":{"line":57,"column":5}},{"start":{"line":53,"column":4},"end":{"line":57,"column":5}}],"line":53},"6":{"loc":{"start":{"line":60,"column":4},"end":{"line":67,"column":5}},"type":"if","locations":[{"start":{"line":60,"column":4},"end":{"line":67,"column":5}},{"start":{"line":60,"column":4},"end":{"line":67,"column":5}}],"line":60},"7":{"loc":{"start":{"line":72,"column":6},"end":{"line":75,"column":7}},"type":"if","locations":[{"start":{"line":72,"column":6},"end":{"line":75,"column":7}},{"start":{"line":72,"column":6},"end":{"line":75,"column":7}}],"line":72}},"s":{"0":21,"1":21,"2":23,"3":21,"4":21,"5":23,"6":23,"7":23,"8":5,"9":0,"10":5,"11":5,"12":5,"13":9,"14":5,"15":5,"16":5,"17":5,"18":5,"19":5,"20":5,"21":1,"22":5,"23":5,"24":5,"25":1,"26":1,"27":1,"28":4,"29":2,"30":2,"31":198,"32":2,"33":2,"34":2,"35":1,"36":5,"37":1,"38":1,"39":5,"40":2,"41":21},"f":{"0":21,"1":23,"2":23,"3":5,"4":9,"5":5,"6":198,"7":2,"8":5,"9":5},"b":{"0":[23,0],"1":[0,5],"2":[1,4],"3":[1,4],"4":[4,1],"5":[1,4],"6":[2,2],"7":[1,1]},"_coverageSchema":"1a1c01bbd47fc00a2c39e90264f33305004495a9","hash":"f06f2eec14482a89a801fefb518790f17462e955"}
,"/Users/soda/Desktop/code-testing/src/utils/Logger.ts": {"path":"/Users/soda/Desktop/code-testing/src/utils/Logger.ts","statementMap":{"0":{"start":{"line":6,"column":14},"end":{"line":6,"column":52}},"1":{"start":{"line":16,"column":19},"end":{"line":23,"column":1}},"2":{"start":{"line":17,"column":2},"end":{"line":20,"column":3}},"3":{"start":{"line":18,"column":4},"end":{"line":18,"column":44}},"4":{"start":{"line":19,"column":4},"end":{"line":19,"column":10}},"5":{"start":{"line":22,"column":2},"end":{"line":22,"column":29}},"6":{"start":{"line":25,"column":22},"end":{"line":31,"column":1}},"7":{"start":{"line":26,"column":43},"end":{"line":26,"column":86}},"8":{"start":{"line":27,"column":43},"end":{"line":27,"column":86}},"9":{"start":{"line":28,"column":44},"end":{"line":28,"column":88}},"10":{"start":{"line":29,"column":44},"end":{"line":29,"column":80}},"11":{"start":{"line":30,"column":44},"end":{"line":30,"column":82}}},"fnMap":{"0":{"name":"(anonymous_0)","decl":{"start":{"line":16,"column":19},"end":{"line":16,"column":20}},"loc":{"start":{"line":16,"column":82},"end":{"line":23,"column":1}},"line":16},"1":{"name":"(anonymous_1)","decl":{"start":{"line":26,"column":8},"end":{"line":26,"column":9}},"loc":{"start":{"line":26,"column":43},"end":{"line":26,"column":86}},"line":26},"2":{"name":"(anonymous_2)","decl":{"start":{"line":27,"column":8},"end":{"line":27,"column":9}},"loc":{"start":{"line":27,"column":43},"end":{"line":27,"column":86}},"line":27},"3":{"name":"(anonymous_3)","decl":{"start":{"line":28,"column":9},"end":{"line":28,"column":10}},"loc":{"start":{"line":28,"column":44},"end":{"line":28,"column":88}},"line":28},"4":{"name":"(anonymous_4)","decl":{"start":{"line":29,"column":9},"end":{"line":29,"column":10}},"loc":{"start":{"line":29,"column":44},"end":{"line":29,"column":80}},"line":29},"5":{"name":"(anonymous_5)","decl":{"start":{"line":30,"column":9},"end":{"line":30,"column":10}},"loc":{"start":{"line":30,"column":44},"end":{"line":30,"column":82}},"line":30}},"branchMap":{"0":{"loc":{"start":{"line":17,"column":2},"end":{"line":20,"column":3}},"type":"if","locations":[{"start":{"line":17,"column":2},"end":{"line":20,"column":3}},{"start":{"line":17,"column":2},"end":{"line":20,"column":3}}],"line":17},"1":{"loc":{"start":{"line":18,"column":4},"end":{"line":18,"column":44}},"type":"binary-expr","locations":[{"start":{"line":18,"column":4},"end":{"line":18,"column":13}},{"start":{"line":18,"column":17},"end":{"line":18,"column":44}}],"line":18}},"s":{"0":1,"1":1,"2":332,"3":332,"4":332,"5":0,"6":1,"7":10,"8":23,"9":7,"10":245,"11":47},"f":{"0":332,"1":10,"2":23,"3":7,"4":245,"5":47},"b":{"0":[332,0],"1":[332,40]},"_coverageSchema":"1a1c01bbd47fc00a2c39e90264f33305004495a9","hash":"86d95c4892b7bde4e8e0145b2f18a7bf5abae5aa"}
,"/Users/soda/Desktop/code-testing/src/utils/StyleFormat.ts": {"path":"/Users/soda/Desktop/code-testing/src/utils/StyleFormat.ts","statementMap":{"0":{"start":{"line":5,"column":2},"end":{"line":7,"column":3}},"1":{"start":{"line":6,"column":4},"end":{"line":6,"column":22}},"2":{"start":{"line":9,"column":2},"end":{"line":12,"column":3}},"3":{"start":{"line":10,"column":4},"end":{"line":10,"column":72}},"4":{"start":{"line":11,"column":4},"end":{"line":11,"column":16}},"5":{"start":{"line":14,"column":2},"end":{"line":14,"column":13}}},"fnMap":{"0":{"name":"getPxResult","decl":{"start":{"line":4,"column":16},"end":{"line":4,"column":27}},"loc":{"start":{"line":4,"column":59},"end":{"line":15,"column":1}},"line":4}},"branchMap":{"0":{"loc":{"start":{"line":5,"column":2},"end":{"line":7,"column":3}},"type":"if","locations":[{"start":{"line":5,"column":2},"end":{"line":7,"column":3}},{"start":{"line":5,"column":2},"end":{"line":7,"column":3}}],"line":5},"1":{"loc":{"start":{"line":9,"column":2},"end":{"line":12,"column":3}},"type":"if","locations":[{"start":{"line":9,"column":2},"end":{"line":12,"column":3}},{"start":{"line":9,"column":2},"end":{"line":12,"column":3}}],"line":9},"2":{"loc":{"start":{"line":9,"column":6},"end":{"line":9,"column":49}},"type":"binary-expr","locations":[{"start":{"line":9,"column":6},"end":{"line":9,"column":20}},{"start":{"line":9,"column":24},"end":{"line":9,"column":49}}],"line":9}},"s":{"0":18,"1":6,"2":12,"3":6,"4":6,"5":6},"f":{"0":18},"b":{"0":[6,12],"1":[6,6],"2":[12,12]},"_coverageSchema":"1a1c01bbd47fc00a2c39e90264f33305004495a9","hash":"049c9a468354ec79da557cf38f715280930e92d4"}
}
