TN:
SF:src/table/Table.tsx
FN:25,(anonymous_0)
FN:33,(anonymous_1)
FN:36,(anonymous_2)
FN:70,(anonymous_3)
FN:71,(anonymous_4)
FN:74,(anonymous_5)
FN:85,(anonymous_6)
FNF:7
FNH:7
FNDA:28,(anonymous_0)
FNDA:29,(anonymous_1)
FNDA:30,(anonymous_2)
FNDA:28,(anonymous_3)
FNDA:28,(anonymous_4)
FNDA:5,(anonymous_5)
FNDA:46,(anonymous_6)
DA:26,28
DA:28,28
DA:29,0
DA:33,29
DA:36,30
DA:39,28
DA:42,28
DA:48,28
DA:56,28
DA:61,28
DA:68,28
DA:70,28
DA:71,28
DA:74,5
DA:82,28
DA:83,28
DA:85,28
DA:86,46
LF:18
LH:17
BRDA:28,0,0,0
BRDA:28,0,1,28
BRDA:33,1,0,29
BRDA:33,1,1,0
BRDA:93,2,0,43
BRDA:93,2,1,3
BRDA:94,3,0,29
BRDA:94,3,1,14
BRDA:104,4,0,1
BRDA:104,4,1,2
BRF:10
BRH:8
end_of_record
TN:
SF:src/table/index.ts
FNF:0
FNH:0
LF:0
LH:0
BRF:0
BRH:0
end_of_record
TN:
SF:src/table/types.ts
FNF:0
FNH:0
DA:138,1
DA:184,1
LF:2
LH:2
BRF:0
BRH:0
end_of_record
TN:
SF:src/table/components/Body.tsx
FN:15,(anonymous_0)
FN:25,(anonymous_1)
FN:29,(anonymous_2)
FN:35,(anonymous_3)
FN:37,(anonymous_4)
FNF:5
FNH:5
FNDA:28,(anonymous_0)
FNDA:52,(anonymous_1)
FNDA:423,(anonymous_2)
FNDA:2,(anonymous_3)
FNDA:1269,(anonymous_4)
DA:16,28
DA:21,28
DA:23,28
DA:25,28
DA:26,52
DA:30,423
DA:31,423
DA:35,2
DA:38,1269
LF:9
LH:9
BRF:0
BRH:0
end_of_record
TN:
SF:src/table/components/BodyCell.tsx
FN:33,(anonymous_0)
FN:49,(anonymous_1)
FN:58,(anonymous_2)
FNF:3
FNH:3
FNDA:543,(anonymous_0)
FNDA:1248,(anonymous_1)
FNDA:1,(anonymous_2)
DA:34,543
DA:39,543
DA:41,543
DA:43,543
DA:49,543
DA:50,1248
DA:58,1
LF:7
LH:7
BRDA:45,0,0,78
BRDA:45,0,1,465
BRDA:46,1,0,15
BRDA:46,1,1,528
BRDA:55,2,0,1248
BRDA:55,2,1,1243
BRDA:56,3,0,1248
BRDA:56,3,1,15
BRDA:61,4,0,1248
BRDA:61,4,1,15
BRDA:64,5,0,5
BRDA:64,5,1,1243
BRF:12
BRH:12
end_of_record
TN:
SF:src/table/components/Content.tsx
FN:13,(anonymous_0)
FN:19,(anonymous_1)
FNF:2
FNH:2
FNDA:28,(anonymous_0)
FNDA:28,(anonymous_1)
DA:14,28
DA:20,28
LF:2
LH:2
BRF:0
BRH:0
end_of_record
TN:
SF:src/table/components/Header.tsx
FN:15,(anonymous_0)
FN:23,(anonymous_1)
FN:28,(anonymous_2)
FNF:3
FNH:3
FNDA:28,(anonymous_0)
FNDA:28,(anonymous_1)
FNDA:84,(anonymous_2)
DA:16,28
DA:19,28
DA:21,28
DA:23,28
DA:24,28
DA:29,84
LF:6
LH:6
BRF:0
BRH:0
end_of_record
TN:
SF:src/table/components/HeaderCell.tsx
FN:24,(anonymous_0)
FN:40,(anonymous_1)
FN:41,(anonymous_2)
FN:49,headerClick
FN:55,(anonymous_4)
FN:61,(anonymous_5)
FN:74,(anonymous_6)
FNF:7
FNH:7
FNDA:84,(anonymous_0)
FNDA:9,(anonymous_1)
FNDA:12,(anonymous_2)
FNDA:6,headerClick
FNDA:11,(anonymous_4)
FNDA:11,(anonymous_5)
FNDA:90,(anonymous_6)
DA:25,84
DA:32,84
DA:34,84
DA:39,84
DA:40,84
DA:41,84
DA:42,12
DA:43,6
DA:46,6
DA:50,6
DA:52,6
DA:55,84
DA:56,11
DA:61,84
DA:62,11
DA:67,84
DA:74,84
DA:75,90
LF:18
LH:18
BRDA:42,0,0,6
BRDA:42,0,1,6
BRDA:58,1,0,11
BRDA:58,1,1,11
BRDA:64,2,0,11
BRDA:64,2,1,11
BRDA:69,3,0,1
BRDA:69,3,1,83
BRDA:70,4,0,5
BRDA:70,4,1,79
BRDA:71,5,0,3
BRDA:71,5,1,81
BRDA:80,6,0,90
BRDA:80,6,1,89
BRDA:81,7,0,90
BRDA:81,7,1,3
BRDA:90,8,0,11
BRDA:90,8,1,79
BRF:18
BRH:18
end_of_record
TN:
SF:src/table/components/PageBtn.tsx
FN:39,(anonymous_0)
FN:42,(anonymous_1)
FN:43,(anonymous_2)
FN:45,(anonymous_3)
FN:52,(anonymous_4)
FNF:5
FNH:5
FNDA:126,(anonymous_0)
FNDA:134,(anonymous_1)
FNDA:152,(anonymous_2)
FNDA:214,(anonymous_3)
FNDA:15,(anonymous_4)
DA:12,1
DA:17,1
DA:40,126
DA:41,126
DA:42,134
DA:43,152
DA:45,126
DA:46,214
DA:52,15
LF:9
LH:9
BRDA:47,0,0,35
BRDA:47,0,1,179
BRDA:49,1,0,29
BRDA:49,1,1,185
BRDA:52,2,0,214
BRDA:52,2,1,33
BRF:6
BRH:6
end_of_record
TN:
SF:src/table/components/Pagenation.tsx
FN:35,(anonymous_0)
FN:39,(anonymous_1)
FN:46,(anonymous_2)
FN:56,(anonymous_3)
FN:65,(anonymous_4)
FN:71,(anonymous_5)
FNF:6
FNH:6
FNDA:12,(anonymous_0)
FNDA:29,(anonymous_1)
FNDA:4,(anonymous_2)
FNDA:29,(anonymous_3)
FNDA:5,(anonymous_4)
FNDA:6,(anonymous_5)
DA:37,12
DA:39,12
DA:40,29
DA:41,29
DA:42,181
DA:46,4
DA:51,29
DA:54,12
DA:56,12
DA:57,29
DA:65,5
DA:71,6
LF:12
LH:12
BRDA:64,0,0,12
BRDA:64,0,1,17
BRDA:70,1,0,6
BRDA:70,1,1,23
BRF:4
BRH:4
end_of_record
TN:
SF:src/table/hook/use-columns.ts
FN:5,useColumns
FN:11,(anonymous_1)
FN:13,(anonymous_2)
FNF:3
FNH:3
FNDA:28,useColumns
FNDA:28,(anonymous_1)
FNDA:84,(anonymous_2)
DA:6,28
DA:7,0
DA:11,28
DA:13,28
DA:14,84
DA:15,0
DA:19,28
LF:7
LH:5
BRDA:6,0,0,0
BRDA:6,0,1,28
BRDA:11,1,0,28
BRDA:11,1,1,0
BRDA:14,2,0,0
BRDA:14,2,1,84
BRF:6
BRH:3
end_of_record
TN:
SF:src/table/hook/use-data.ts
FN:6,useData
FN:25,(anonymous_1)
FN:37,(anonymous_2)
FN:44,(anonymous_3)
FN:50,(anonymous_4)
FN:56,(anonymous_5)
FNF:6
FNH:6
FNDA:28,useData
FNDA:35,(anonymous_1)
FNDA:9,(anonymous_2)
FNDA:120,(anonymous_3)
FNDA:198,(anonymous_4)
FNDA:52,(anonymous_5)
DA:16,28
DA:25,28
DA:26,35
DA:29,35
DA:32,35
DA:33,28
DA:37,9
DA:39,7
DA:41,7
DA:43,5
DA:44,120
DA:45,5
DA:48,2
DA:50,2
DA:51,198
DA:56,28
DA:60,52
DA:62,52
DA:64,52
DA:66,52
DA:68,52
DA:74,52
DA:77,28
LF:23
LH:23
BRDA:32,0,0,28
BRDA:32,0,1,7
BRDA:41,1,0,5
BRDA:41,1,1,2
BRDA:45,2,0,1
BRDA:45,2,1,4
BRDA:66,3,0,49
BRDA:66,3,1,3
BRDA:74,4,0,29
BRDA:74,4,1,23
BRF:10
BRH:10
end_of_record
TN:
SF:src/table/hook/use-page.ts
FN:12,usePage
FN:26,(anonymous_1)
FN:30,(anonymous_2)
FN:67,lastPagenationStep
FN:78,nextPagenationStep
FN:88,setPagenationStep
FNF:6
FNH:6
FNDA:28,usePage
FNDA:43,(anonymous_1)
FNDA:31,(anonymous_2)
FNDA:5,lastPagenationStep
FNDA:6,nextPagenationStep
FNDA:15,setPagenationStep
DA:5,1
DA:23,28
DA:26,28
DA:27,43
DA:30,28
DA:33,31
DA:36,31
DA:37,31
DA:38,31
DA:43,31
DA:44,1
DA:45,30
DA:48,1
DA:50,31
DA:57,31
DA:68,5
DA:69,5
DA:70,5
DA:74,5
DA:79,6
DA:80,6
DA:81,6
DA:85,6
DA:90,15
DA:91,0
DA:93,15
DA:100,15
DA:103,28
LF:28
LH:27
BRDA:38,0,0,3
BRDA:38,0,1,28
BRDA:40,1,0,2
BRDA:40,1,1,26
BRDA:43,2,0,1
BRDA:43,2,1,30
BRDA:45,3,0,1
BRDA:45,3,1,29
BRDA:69,4,0,1
BRDA:69,4,1,4
BRDA:80,5,0,1
BRDA:80,5,1,5
BRDA:90,6,0,0
BRDA:90,6,1,15
BRDA:94,7,0,15
BRDA:94,7,1,0
BRDA:95,8,0,15
BRDA:95,8,1,15
BRDA:96,9,0,15
BRDA:96,9,1,15
BRDA:97,10,0,15
BRDA:97,10,1,15
BRF:22
BRH:20
end_of_record
TN:
SF:src/table/hook/use-sorter.ts
FN:6,useSorter
FN:13,changeSortState
FN:16,(anonymous_2)
FNF:3
FNH:3
FNDA:28,useSorter
FNDA:6,changeSortState
FNDA:10,(anonymous_2)
DA:10,28
DA:15,6
DA:16,10
DA:17,6
DA:18,6
DA:19,6
DA:20,6
DA:23,28
LF:8
LH:8
BRDA:17,0,0,1
BRDA:17,0,1,5
BRF:2
BRH:2
end_of_record
TN:
SF:src/table/hook/use-table-sorter.ts
FN:5,useTableSorter
FN:7,(anonymous_1)
FN:8,(anonymous_2)
FNF:3
FNH:3
FNDA:28,useTableSorter
FNDA:82,(anonymous_1)
FNDA:28,(anonymous_2)
DA:7,82
DA:8,28
DA:9,28
DA:15,28
LF:4
LH:4
BRDA:10,0,0,28
BRDA:10,0,1,27
BRDA:11,1,0,28
BRDA:11,1,1,27
BRF:4
BRH:4
end_of_record
TN:
SF:src/utils/Logger.ts
FN:16,(anonymous_0)
FN:26,(anonymous_1)
FN:27,(anonymous_2)
FN:28,(anonymous_3)
FN:29,(anonymous_4)
FN:30,(anonymous_5)
FNF:6
FNH:4
FNDA:965,(anonymous_0)
FNDA:13,(anonymous_1)
FNDA:0,(anonymous_2)
FNDA:0,(anonymous_3)
FNDA:896,(anonymous_4)
FNDA:56,(anonymous_5)
DA:6,1
DA:16,1
DA:17,965
DA:18,965
DA:19,965
DA:22,0
DA:25,1
DA:26,13
DA:27,0
DA:28,0
DA:29,896
DA:30,56
LF:12
LH:9
BRDA:17,0,0,965
BRDA:17,0,1,0
BRDA:18,1,0,965
BRDA:18,1,1,13
BRF:4
BRH:3
end_of_record
TN:
SF:src/utils/StyleFormat.ts
FN:3,getPxResult
FNF:1
FNH:1
FNDA:33,getPxResult
DA:4,33
DA:5,11
DA:8,22
LF:3
LH:3
BRDA:4,0,0,11
BRDA:4,0,1,22
BRF:2
BRH:2
end_of_record
