TN:
SF:src/table/Table.tsx
FN:18,(anonymous_0)
FN:31,(anonymous_1)
FN:32,(anonymous_2)
FN:33,(anonymous_3)
FN:34,(anonymous_4)
FN:44,(anonymous_5)
FNF:6
FNH:6
FNDA:7,(anonymous_0)
FNDA:6,(anonymous_1)
FNDA:7,(anonymous_2)
FNDA:6,(anonymous_3)
FNDA:7,(anonymous_4)
FNDA:7,(anonymous_5)
DA:28,7
DA:29,7
DA:31,6
DA:32,7
DA:33,6
DA:34,7
DA:44,7
DA:45,7
LF:8
LH:8
BRDA:52,0,0,1
BRDA:52,0,1,6
BRF:2
BRH:2
end_of_record
TN:
SF:src/table/index.ts
FNF:0
FNH:0
LF:0
LH:0
BRF:0
BRH:0
end_of_record
TN:
SF:src/table/types.ts
FN:86,(anonymous_0)
FN:91,(anonymous_1)
FNF:2
FNH:0
FNDA:0,(anonymous_0)
FNDA:0,(anonymous_1)
DA:83,1
DA:86,0
DA:91,0
DA:120,1
LF:4
LH:2
BRF:0
BRH:0
end_of_record
TN:
SF:src/table/components/Body.tsx
FN:14,(anonymous_0)
FN:25,(anonymous_1)
FN:29,(anonymous_2)
FN:34,(anonymous_3)
FNF:4
FNH:4
FNDA:7,(anonymous_0)
FNDA:7,(anonymous_1)
FNDA:31,(anonymous_2)
FNDA:93,(anonymous_3)
DA:15,7
DA:23,7
DA:25,7
DA:26,7
DA:30,31
DA:31,31
DA:35,93
DA:40,93
LF:8
LH:8
BRDA:37,0,0,21
BRDA:37,0,1,72
BRDA:38,1,0,15
BRDA:38,1,1,78
BRDA:44,2,0,93
BRDA:44,2,1,78
BRDA:44,2,2,78
BRDA:45,3,0,93
BRDA:45,3,1,0
BRDA:49,4,0,0
BRDA:49,4,1,93
BRF:11
BRH:9
end_of_record
TN:
SF:src/table/components/Content.tsx
FN:16,(anonymous_0)
FN:29,(anonymous_1)
FNF:2
FNH:2
FNDA:7,(anonymous_0)
FNDA:7,(anonymous_1)
DA:17,7
DA:20,7
DA:21,7
DA:22,7
DA:30,7
LF:5
LH:5
BRF:0
BRH:0
end_of_record
TN:
SF:src/table/components/Header.tsx
FN:17,(anonymous_0)
FN:26,headerClick
FN:35,(anonymous_2)
FN:40,(anonymous_3)
FN:42,(anonymous_4)
FN:48,(anonymous_5)
FN:69,(anonymous_6)
FNF:7
FNH:3
FNDA:7,(anonymous_0)
FNDA:0,headerClick
FNDA:7,(anonymous_2)
FNDA:21,(anonymous_3)
FNDA:0,(anonymous_4)
FNDA:0,(anonymous_5)
FNDA:0,(anonymous_6)
DA:18,7
DA:24,7
DA:29,0
DA:30,0
DA:32,0
DA:35,7
DA:36,7
DA:41,21
DA:42,21
DA:43,0
DA:48,21
DA:49,0
DA:54,21
DA:60,21
DA:69,0
LF:15
LH:9
BRDA:29,0,0,0
BRDA:29,0,1,0
BRDA:56,1,0,0
BRDA:56,1,1,21
BRDA:57,2,0,0
BRDA:57,2,1,21
BRDA:58,3,0,3
BRDA:58,3,1,18
BRDA:65,4,0,21
BRDA:65,4,1,18
BRDA:66,5,0,21
BRDA:66,5,1,0
BRDA:75,6,0,0
BRDA:75,6,1,21
BRF:14
BRH:8
end_of_record
TN:
SF:src/table/components/PageBtn.tsx
FN:35,(anonymous_0)
FN:38,(anonymous_1)
FN:39,(anonymous_2)
FN:41,(anonymous_3)
FN:48,(anonymous_4)
FNF:5
FNH:4
FNDA:7,(anonymous_0)
FNDA:7,(anonymous_1)
FNDA:7,(anonymous_2)
FNDA:7,(anonymous_3)
FNDA:0,(anonymous_4)
DA:11,1
DA:16,1
DA:36,7
DA:37,7
DA:38,7
DA:39,7
DA:41,7
DA:42,7
DA:48,0
LF:9
LH:8
BRDA:38,0,0,0
BRDA:38,0,1,7
BRDA:43,1,0,2
BRDA:43,1,1,5
BRDA:45,2,0,1
BRDA:45,2,1,6
BRDA:48,3,0,7
BRDA:48,3,1,2
BRF:8
BRH:7
end_of_record
TN:
SF:src/table/components/Pagenation.tsx
FN:14,(anonymous_0)
FN:23,(anonymous_1)
FN:30,(anonymous_2)
FN:38,(anonymous_3)
FNF:4
FNH:3
FNDA:1,(anonymous_0)
FNDA:1,(anonymous_1)
FNDA:0,(anonymous_2)
FNDA:1,(anonymous_3)
DA:15,1
DA:21,1
DA:23,1
DA:24,1
DA:25,1
DA:26,5
DA:30,0
DA:35,1
DA:38,1
DA:39,1
LF:10
LH:9
BRDA:46,0,0,1
BRDA:46,0,1,0
BRDA:52,1,0,0
BRDA:52,1,1,1
BRF:4
BRH:2
end_of_record
TN:
SF:src/table/hook/use-data.ts
FN:12,getColumns
FN:15,(anonymous_1)
FN:27,useData
FN:38,(anonymous_3)
FN:50,(anonymous_4)
FN:60,(anonymous_5)
FN:66,(anonymous_6)
FN:78,sortFunction
FN:80,(anonymous_8)
FN:88,sortData
FN:101,(anonymous_10)
FN:109,defaultSort
FN:111,(anonymous_12)
FN:115,(anonymous_13)
FN:122,structurePageData
FN:146,setPageData
FN:162,lastPagenationStep
FN:173,nextPagenationStep
FN:184,setPagenationStep
FNF:19
FNH:6
FNDA:7,getColumns
FNDA:21,(anonymous_1)
FNDA:7,useData
FNDA:7,(anonymous_3)
FNDA:0,(anonymous_4)
FNDA:0,(anonymous_5)
FNDA:0,(anonymous_6)
FNDA:0,sortFunction
FNDA:0,(anonymous_8)
FNDA:0,sortData
FNDA:0,(anonymous_10)
FNDA:0,defaultSort
FNDA:0,(anonymous_12)
FNDA:0,(anonymous_13)
FNDA:7,structurePageData
FNDA:7,setPageData
FNDA:0,lastPagenationStep
FNDA:0,nextPagenationStep
FNDA:0,setPagenationStep
DA:5,1
DA:14,7
DA:15,7
DA:16,21
DA:24,0
DA:38,7
DA:41,7
DA:44,7
DA:47,7
DA:50,7
DA:51,0
DA:52,0
DA:53,0
DA:54,0
DA:55,0
DA:57,0
DA:60,7
DA:61,0
DA:66,7
DA:67,0
DA:72,7
DA:75,7
DA:79,0
DA:80,0
DA:81,0
DA:82,0
DA:83,0
DA:84,0
DA:89,0
DA:90,0
DA:91,0
DA:92,0
DA:94,0
DA:95,0
DA:96,0
DA:97,0
DA:98,0
DA:100,0
DA:101,0
DA:102,0
DA:105,0
DA:110,0
DA:111,0
DA:112,0
DA:115,0
DA:118,0
DA:123,7
DA:124,6
DA:127,1
DA:128,1
DA:131,1
DA:132,1
DA:136,1
DA:143,1
DA:147,7
DA:148,6
DA:153,1
DA:155,1
DA:157,1
DA:159,1
DA:163,0
DA:164,0
DA:165,0
DA:174,0
DA:175,0
DA:176,0
DA:185,0
DA:193,7
LF:68
LH:28
BRDA:14,0,0,7
BRDA:14,0,1,0
BRDA:18,1,0,0
BRDA:18,1,1,21
BRDA:19,2,0,0
BRDA:19,2,1,0
BRDA:53,3,0,0
BRDA:53,3,1,0
BRDA:81,4,0,0
BRDA:81,4,1,0
BRDA:89,5,0,0
BRDA:89,5,1,0
BRDA:91,6,0,0
BRDA:91,6,1,0
BRDA:94,7,0,0
BRDA:94,7,1,0
BRDA:96,8,0,0
BRDA:96,8,1,0
BRDA:100,9,0,0
BRDA:100,9,1,0
BRDA:110,10,0,0
BRDA:110,10,1,0
BRDA:123,11,0,6
BRDA:123,11,1,1
BRDA:128,12,0,1
BRDA:128,12,1,0
BRDA:131,13,0,1
BRDA:131,13,1,0
BRDA:132,14,0,0
BRDA:132,14,1,1
BRDA:147,15,0,6
BRDA:147,15,1,1
BRDA:157,16,0,0
BRDA:157,16,1,1
BRDA:164,17,0,0
BRDA:164,17,1,0
BRDA:175,18,0,0
BRDA:175,18,1,0
BRDA:186,19,0,0
BRDA:186,19,1,0
BRDA:187,20,0,0
BRDA:187,20,1,0
BRDA:188,21,0,0
BRDA:188,21,1,0
BRDA:189,22,0,0
BRDA:189,22,1,0
BRF:46
BRH:10
end_of_record
TN:
SF:src/table/hook/use-style.ts
FN:3,getStylePx
FN:9,(anonymous_1)
FNF:2
FNH:2
FNDA:186,getStylePx
FNDA:186,(anonymous_1)
DA:4,186
DA:5,186
DA:6,186
DA:9,186
LF:4
LH:4
BRDA:5,0,0,186
BRDA:5,0,1,0
BRF:2
BRH:1
end_of_record
